{"/home/travis/build/npmtest/node-npmtest-foreman/test.js":{"path":"/home/travis/build/npmtest/node-npmtest-foreman/test.js","s":{"1":2,"2":2,"3":2,"4":2,"5":2,"6":2,"7":2,"8":1,"9":2,"10":2,"11":1,"12":1,"13":1,"14":1,"15":2,"16":2,"17":2,"18":2,"19":1,"20":1,"21":2,"22":2,"23":2,"24":1,"25":1,"26":1,"27":1,"28":1,"29":1,"30":1,"31":1,"32":1,"33":1,"34":1,"35":1,"36":1,"37":1,"38":1,"39":2,"40":2,"41":1,"42":2,"43":2,"44":1,"45":2,"46":2,"47":1,"48":2,"49":2,"50":1,"51":1,"52":1,"53":1,"54":1},"b":{"1":[2,1,1,1],"2":[1,1,1,1],"3":[1,1],"4":[1,1],"5":[1,1],"6":[1,1],"7":[1,1],"8":[1,1],"9":[1,1],"10":[1,1,1],"11":[1,1],"12":[1,1],"13":[1,1],"14":[1,1],"15":[1,1],"16":[1,1],"17":[1,1]},"f":{"1":2,"2":2,"3":2,"4":2,"5":2,"6":1,"7":1,"8":1,"9":2,"10":2,"11":2,"12":2,"13":1},"fnMap":{"1":{"name":"(anonymous_1)","line":12,"loc":{"start":{"line":12,"column":1},"end":{"line":12,"column":13}}},"2":{"name":"(anonymous_2)","line":19,"loc":{"start":{"line":19,"column":5},"end":{"line":19,"column":17}}},"3":{"name":"(anonymous_3)","line":23,"loc":{"start":{"line":23,"column":24},"end":{"line":23,"column":36}}},"4":{"name":"(anonymous_4)","line":61,"loc":{"start":{"line":61,"column":5},"end":{"line":61,"column":17}}},"5":{"name":"(anonymous_5)","line":82,"loc":{"start":{"line":82,"column":5},"end":{"line":82,"column":17}}},"6":{"name":"(anonymous_6)","line":91,"loc":{"start":{"line":91,"column":77},"end":{"line":94,"column":10}}},"7":{"name":"(anonymous_7)","line":112,"loc":{"start":{"line":112,"column":83},"end":{"line":115,"column":10}},"skip":true},"8":{"name":"(anonymous_8)","line":123,"loc":{"start":{"line":123,"column":77},"end":{"line":126,"column":10}},"skip":true},"9":{"name":"(anonymous_9)","line":139,"loc":{"start":{"line":139,"column":12},"end":{"line":139,"column":40}},"skip":true},"10":{"name":"(anonymous_10)","line":147,"loc":{"start":{"line":147,"column":77},"end":{"line":150,"column":10}},"skip":true},"11":{"name":"(anonymous_11)","line":158,"loc":{"start":{"line":158,"column":83},"end":{"line":161,"column":10}},"skip":true},"12":{"name":"(anonymous_12)","line":169,"loc":{"start":{"line":169,"column":79},"end":{"line":172,"column":10}},"skip":true},"13":{"name":"(anonymous_13)","line":180,"loc":{"start":{"line":180,"column":75},"end":{"line":183,"column":10}},"skip":true}},"statementMap":{"1":{"start":{"line":12,"column":0},"end":{"line":195,"column":5}},"2":{"start":{"line":14,"column":4},"end":{"line":14,"column":14}},"3":{"start":{"line":19,"column":4},"end":{"line":56,"column":9}},"4":{"start":{"line":21,"column":8},"end":{"line":21,"column":19}},"5":{"start":{"line":23,"column":8},"end":{"line":35,"column":13}},"6":{"start":{"line":24,"column":12},"end":{"line":34,"column":13}},"7":{"start":{"line":25,"column":16},"end":{"line":28,"column":30}},"8":{"start":{"line":30,"column":16},"end":{"line":33,"column":27}},"9":{"start":{"line":37,"column":8},"end":{"line":39,"column":21}},"10":{"start":{"line":40,"column":8},"end":{"line":53,"column":9}},"11":{"start":{"line":43,"column":12},"end":{"line":46,"column":14}},"12":{"start":{"line":47,"column":12},"end":{"line":47,"column":18}},"13":{"start":{"line":50,"column":12},"end":{"line":51,"column":33}},"14":{"start":{"line":52,"column":12},"end":{"line":52,"column":18}},"15":{"start":{"line":55,"column":8},"end":{"line":55,"column":35}},"16":{"start":{"line":61,"column":4},"end":{"line":63,"column":9}},"17":{"start":{"line":62,"column":8},"end":{"line":62,"column":15}},"18":{"start":{"line":64,"column":4},"end":{"line":77,"column":5}},"19":{"start":{"line":70,"column":8},"end":{"line":70,"column":14}},"20":{"start":{"line":76,"column":8},"end":{"line":76,"column":14}},"21":{"start":{"line":82,"column":4},"end":{"line":84,"column":9}},"22":{"start":{"line":83,"column":8},"end":{"line":83,"column":15}},"23":{"start":{"line":85,"column":4},"end":{"line":194,"column":5}},"24":{"start":{"line":91,"column":8},"end":{"line":99,"column":10}},"25":{"start":{"line":98,"column":12},"end":{"line":98,"column":35}},"26":{"start":{"line":102,"column":8},"end":{"line":104,"column":63}},"27":{"start":{"line":105,"column":8},"end":{"line":105,"column":14}},"28":{"start":{"line":112,"column":8},"end":{"line":121,"column":10},"skip":true},"29":{"start":{"line":119,"column":12},"end":{"line":119,"column":55},"skip":true},"30":{"start":{"line":120,"column":12},"end":{"line":120,"column":48},"skip":true},"31":{"start":{"line":123,"column":8},"end":{"line":136,"column":10},"skip":true},"32":{"start":{"line":130,"column":12},"end":{"line":130,"column":76},"skip":true},"33":{"start":{"line":131,"column":12},"end":{"line":131,"column":73},"skip":true},"34":{"start":{"line":132,"column":12},"end":{"line":132,"column":74},"skip":true},"35":{"start":{"line":133,"column":12},"end":{"line":133,"column":79},"skip":true},"36":{"start":{"line":134,"column":12},"end":{"line":134,"column":25},"skip":true},"37":{"start":{"line":135,"column":12},"end":{"line":135,"column":45},"skip":true},"38":{"start":{"line":138,"column":8},"end":{"line":145,"column":14},"skip":true},"39":{"start":{"line":143,"column":16},"end":{"line":143,"column":29},"skip":true},"40":{"start":{"line":144,"column":16},"end":{"line":144,"column":55},"skip":true},"41":{"start":{"line":147,"column":8},"end":{"line":156,"column":10},"skip":true},"42":{"start":{"line":154,"column":12},"end":{"line":154,"column":25},"skip":true},"43":{"start":{"line":155,"column":12},"end":{"line":155,"column":45},"skip":true},"44":{"start":{"line":158,"column":8},"end":{"line":167,"column":10},"skip":true},"45":{"start":{"line":165,"column":12},"end":{"line":165,"column":25},"skip":true},"46":{"start":{"line":166,"column":12},"end":{"line":166,"column":48},"skip":true},"47":{"start":{"line":169,"column":8},"end":{"line":178,"column":10},"skip":true},"48":{"start":{"line":176,"column":12},"end":{"line":176,"column":25},"skip":true},"49":{"start":{"line":177,"column":12},"end":{"line":177,"column":46},"skip":true},"50":{"start":{"line":180,"column":8},"end":{"line":189,"column":10},"skip":true},"51":{"start":{"line":187,"column":12},"end":{"line":187,"column":94},"skip":true},"52":{"start":{"line":188,"column":12},"end":{"line":188,"column":48},"skip":true},"53":{"start":{"line":192,"column":8},"end":{"line":192,"column":35},"skip":true},"54":{"start":{"line":193,"column":8},"end":{"line":193,"column":14},"skip":true}},"branchMap":{"1":{"line":25,"type":"binary-expr","locations":[{"start":{"line":25,"column":23},"end":{"line":25,"column":62}},{"start":{"line":26,"column":20},"end":{"line":26,"column":70}},{"start":{"line":27,"column":20},"end":{"line":27,"column":71}},{"start":{"line":28,"column":20},"end":{"line":28,"column":29}}]},"2":{"line":30,"type":"binary-expr","locations":[{"start":{"line":30,"column":23},"end":{"line":30,"column":37}},{"start":{"line":31,"column":20},"end":{"line":31,"column":61}},{"start":{"line":32,"column":20},"end":{"line":32,"column":70}},{"start":{"line":33,"column":20},"end":{"line":33,"column":26}}]},"3":{"line":37,"type":"cond-expr","locations":[{"start":{"line":38,"column":14},"end":{"line":38,"column":20}},{"start":{"line":39,"column":14},"end":{"line":39,"column":20}}]},"4":{"line":40,"type":"switch","locations":[{"start":{"line":42,"column":8},"end":{"line":47,"column":18}},{"start":{"line":49,"column":8},"end":{"line":52,"column":18}}]},"5":{"line":44,"type":"binary-expr","locations":[{"start":{"line":44,"column":16},"end":{"line":44,"column":44}},{"start":{"line":44,"column":48},"end":{"line":44,"column":66}}]},"6":{"line":50,"type":"binary-expr","locations":[{"start":{"line":50,"column":21},"end":{"line":50,"column":49}},{"start":{"line":50,"column":53},"end":{"line":50,"column":72}}]},"7":{"line":64,"type":"switch","locations":[{"start":{"line":69,"column":4},"end":{"line":70,"column":14}},{"start":{"line":75,"column":4},"end":{"line":76,"column":14}}]},"8":{"line":85,"type":"switch","locations":[{"start":{"line":90,"column":4},"end":{"line":105,"column":14}},{"start":{"line":111,"column":4},"end":{"line":193,"column":14},"skip":true}]},"9":{"line":91,"type":"binary-expr","locations":[{"start":{"line":91,"column":42},"end":{"line":91,"column":73}},{"start":{"line":91,"column":77},"end":{"line":99,"column":9}}]},"10":{"line":102,"type":"binary-expr","locations":[{"start":{"line":102,"column":18},"end":{"line":102,"column":32}},{"start":{"line":103,"column":12},"end":{"line":103,"column":53}},{"start":{"line":104,"column":12},"end":{"line":104,"column":61}}]},"11":{"line":112,"type":"binary-expr","locations":[{"start":{"line":112,"column":45},"end":{"line":112,"column":79},"skip":true},{"start":{"line":112,"column":83},"end":{"line":121,"column":9},"skip":true}]},"12":{"line":123,"type":"binary-expr","locations":[{"start":{"line":123,"column":42},"end":{"line":123,"column":73},"skip":true},{"start":{"line":123,"column":77},"end":{"line":136,"column":9},"skip":true}]},"13":{"line":138,"type":"binary-expr","locations":[{"start":{"line":138,"column":48},"end":{"line":138,"column":85},"skip":true},{"start":{"line":139,"column":12},"end":{"line":145,"column":13},"skip":true}]},"14":{"line":147,"type":"binary-expr","locations":[{"start":{"line":147,"column":42},"end":{"line":147,"column":73},"skip":true},{"start":{"line":147,"column":77},"end":{"line":156,"column":9},"skip":true}]},"15":{"line":158,"type":"binary-expr","locations":[{"start":{"line":158,"column":45},"end":{"line":158,"column":79},"skip":true},{"start":{"line":158,"column":83},"end":{"line":167,"column":9},"skip":true}]},"16":{"line":169,"type":"binary-expr","locations":[{"start":{"line":169,"column":43},"end":{"line":169,"column":75},"skip":true},{"start":{"line":169,"column":79},"end":{"line":178,"column":9},"skip":true}]},"17":{"line":180,"type":"binary-expr","locations":[{"start":{"line":180,"column":41},"end":{"line":180,"column":71},"skip":true},{"start":{"line":180,"column":75},"end":{"line":189,"column":9},"skip":true}]}},"code":["/* istanbul instrument in package npmtest_foreman */","/*jslint","    bitwise: true,","    browser: true,","    maxerr: 8,","    maxlen: 96,","    node: true,","    nomen: true,","    regexp: true,","    stupid: true","*/","(function () {","    'use strict';","    var local;","","","","    // run shared js-env code - pre-init","    (function () {","        // init local","        local = {};","        // init modeJs","        local.modeJs = (function () {","            try {","                return typeof navigator.userAgent === 'string' &&","                    typeof document.querySelector('body') === 'object' &&","                    typeof XMLHttpRequest.prototype.open === 'function' &&","                    'browser';","            } catch (errorCaughtBrowser) {","                return module.exports &&","                    typeof process.versions.node === 'string' &&","                    typeof require('http').createServer === 'function' &&","                    'node';","            }","        }());","        // init global","        local.global = local.modeJs === 'browser'","            ? window","            : global;","        switch (local.modeJs) {","        // re-init local from window.local","        case 'browser':","            local = local.global.utility2.objectSetDefault(","                local.global.utility2_rollup || local.global.local,","                local.global.utility2","            );","            break;","        // re-init local from example.js","        case 'node':","            local = (local.global.utility2_rollup || require('utility2'))","                .requireReadme();","            break;","        }","        // export local","        local.global.local = local;","    }());","","","","    // run shared js-env code - function","    (function () {","        return;","    }());","    switch (local.modeJs) {","","","","    // run browser js-env code - function","    case 'browser':","        break;","","","","    // run node js-env code - function","    case 'node':","        break;","    }","","","","    // run shared js-env code - post-init","    (function () {","        return;","    }());","    switch (local.modeJs) {","","","","    // run browser js-env code - post-init","    case 'browser':","        local.testCase_browser_nullCase = local.testCase_browser_nullCase || function (","            options,","            onError","        ) {","        /*","         * this function will test browsers's null-case handling-behavior-behavior","         */","            onError(null, options);","        };","","        // run tests","        local.nop(local.modeTest &&","            document.querySelector('#testRunButton1') &&","            document.querySelector('#testRunButton1').click());","        break;","","","","    // run node js-env code - post-init","    /* istanbul ignore next */","    case 'node':","        local.testCase_buildApidoc_default = local.testCase_buildApidoc_default || function (","            options,","            onError","        ) {","        /*","         * this function will test buildApidoc's default handling-behavior-behavior","         */","            options = { modulePathList: module.paths };","            local.buildApidoc(options, onError);","        };","","        local.testCase_buildApp_default = local.testCase_buildApp_default || function (","            options,","            onError","        ) {","        /*","         * this function will test buildApp's default handling-behavior-behavior","         */","            local.testCase_buildReadme_default(options, local.onErrorThrow);","            local.testCase_buildLib_default(options, local.onErrorThrow);","            local.testCase_buildTest_default(options, local.onErrorThrow);","            local.testCase_buildCustomOrg_default(options, local.onErrorThrow);","            options = [];","            local.buildApp(options, onError);","        };","","        local.testCase_buildCustomOrg_default = local.testCase_buildCustomOrg_default ||","            function (options, onError) {","            /*","             * this function will test buildCustomOrg's default handling-behavior","             */","                options = {};","                local.buildCustomOrg(options, onError);","            };","","        local.testCase_buildLib_default = local.testCase_buildLib_default || function (","            options,","            onError","        ) {","        /*","         * this function will test buildLib's default handling-behavior","         */","            options = {};","            local.buildLib(options, onError);","        };","","        local.testCase_buildReadme_default = local.testCase_buildReadme_default || function (","            options,","            onError","        ) {","        /*","         * this function will test buildReadme's default handling-behavior-behavior","         */","            options = {};","            local.buildReadme(options, onError);","        };","","        local.testCase_buildTest_default = local.testCase_buildTest_default || function (","            options,","            onError","        ) {","        /*","         * this function will test buildTest's default handling-behavior","         */","            options = {};","            local.buildTest(options, onError);","        };","","        local.testCase_webpage_default = local.testCase_webpage_default || function (","            options,","            onError","        ) {","        /*","         * this function will test webpage's default handling-behavior","         */","            options = { modeCoverageMerge: true, url: local.serverLocalHost + '?modeTest=1' };","            local.browserTest(options, onError);","        };","","        // run test-server","        local.testRunServer(local);","        break;","    }","}());",""],"l":{"12":2,"14":2,"19":2,"21":2,"23":2,"24":2,"25":2,"30":1,"37":2,"40":2,"43":1,"47":1,"50":1,"52":1,"55":2,"61":2,"62":2,"64":2,"70":1,"76":1,"82":2,"83":2,"85":2,"91":1,"98":1,"102":1,"105":1,"112":1,"119":1,"120":1,"123":1,"130":1,"131":1,"132":1,"133":1,"134":1,"135":1,"138":1,"143":2,"144":2,"147":1,"154":2,"155":2,"158":1,"165":2,"166":2,"169":1,"176":2,"177":2,"180":1,"187":1,"188":1,"192":1,"193":1}},"/home/travis/build/npmtest/node-npmtest-foreman/lib.npmtest_foreman.js":{"path":"/home/travis/build/npmtest/node-npmtest-foreman/lib.npmtest_foreman.js","s":{"1":2,"2":2,"3":2,"4":2,"5":2,"6":2,"7":2,"8":1,"9":2,"10":2,"11":2,"12":2,"13":1,"14":1,"15":1,"16":1},"b":{"1":[2,1,1,1],"2":[1,1,1,1],"3":[1,1],"4":[2,2],"5":[1,1]},"f":{"1":2,"2":2,"3":2},"fnMap":{"1":{"name":"(anonymous_1)","line":12,"loc":{"start":{"line":12,"column":1},"end":{"line":12,"column":13}}},"2":{"name":"(anonymous_2)","line":19,"loc":{"start":{"line":19,"column":5},"end":{"line":19,"column":17}}},"3":{"name":"(anonymous_3)","line":23,"loc":{"start":{"line":23,"column":24},"end":{"line":23,"column":36}}}},"statementMap":{"1":{"start":{"line":12,"column":0},"end":{"line":53,"column":5}},"2":{"start":{"line":14,"column":4},"end":{"line":14,"column":14}},"3":{"start":{"line":19,"column":4},"end":{"line":52,"column":9}},"4":{"start":{"line":21,"column":8},"end":{"line":21,"column":19}},"5":{"start":{"line":23,"column":8},"end":{"line":35,"column":13}},"6":{"start":{"line":24,"column":12},"end":{"line":34,"column":13}},"7":{"start":{"line":25,"column":16},"end":{"line":28,"column":30}},"8":{"start":{"line":30,"column":16},"end":{"line":33,"column":27}},"9":{"start":{"line":37,"column":8},"end":{"line":39,"column":21}},"10":{"start":{"line":41,"column":8},"end":{"line":41,"column":54}},"11":{"start":{"line":43,"column":8},"end":{"line":43,"column":52}},"12":{"start":{"line":45,"column":8},"end":{"line":51,"column":9}},"13":{"start":{"line":46,"column":12},"end":{"line":46,"column":58}},"14":{"start":{"line":48,"column":12},"end":{"line":48,"column":35}},"15":{"start":{"line":49,"column":12},"end":{"line":49,"column":49}},"16":{"start":{"line":50,"column":12},"end":{"line":50,"column":43}}},"branchMap":{"1":{"line":25,"type":"binary-expr","locations":[{"start":{"line":25,"column":23},"end":{"line":25,"column":62}},{"start":{"line":26,"column":20},"end":{"line":26,"column":70}},{"start":{"line":27,"column":20},"end":{"line":27,"column":71}},{"start":{"line":28,"column":20},"end":{"line":28,"column":29}}]},"2":{"line":30,"type":"binary-expr","locations":[{"start":{"line":30,"column":23},"end":{"line":30,"column":37}},{"start":{"line":31,"column":20},"end":{"line":31,"column":61}},{"start":{"line":32,"column":20},"end":{"line":32,"column":70}},{"start":{"line":33,"column":20},"end":{"line":33,"column":26}}]},"3":{"line":37,"type":"cond-expr","locations":[{"start":{"line":38,"column":14},"end":{"line":38,"column":20}},{"start":{"line":39,"column":14},"end":{"line":39,"column":20}}]},"4":{"line":41,"type":"binary-expr","locations":[{"start":{"line":41,"column":16},"end":{"line":41,"column":44}},{"start":{"line":41,"column":48},"end":{"line":41,"column":53}}]},"5":{"line":45,"type":"if","locations":[{"start":{"line":45,"column":8},"end":{"line":45,"column":8}},{"start":{"line":45,"column":8},"end":{"line":45,"column":8}}]}},"code":["/* istanbul instrument in package npmtest_foreman */","/*jslint","    bitwise: true,","    browser: true,","    maxerr: 8,","    maxlen: 96,","    node: true,","    nomen: true,","    regexp: true,","    stupid: true","*/","(function () {","    'use strict';","    var local;","","","","    // run shared js-env code - pre-init","    (function () {","        // init local","        local = {};","        // init modeJs","        local.modeJs = (function () {","            try {","                return typeof navigator.userAgent === 'string' &&","                    typeof document.querySelector('body') === 'object' &&","                    typeof XMLHttpRequest.prototype.open === 'function' &&","                    'browser';","            } catch (errorCaughtBrowser) {","                return module.exports &&","                    typeof process.versions.node === 'string' &&","                    typeof require('http').createServer === 'function' &&","                    'node';","            }","        }());","        // init global","        local.global = local.modeJs === 'browser'","            ? window","            : global;","        // init utility2_rollup","        local = local.global.utility2_rollup || local;","        // init lib","        local.local = local.npmtest_foreman = local;","        // init exports","        if (local.modeJs === 'browser') {","            local.global.utility2_npmtest_foreman = local;","        } else {","            module.exports = local;","            module.exports.__dirname = __dirname;","            module.exports.module = module;","        }","    }());","}());",""],"l":{"12":2,"14":2,"19":2,"21":2,"23":2,"24":2,"25":2,"30":1,"37":2,"41":2,"43":2,"45":2,"46":1,"48":1,"49":1,"50":1}},"/home/travis/build/npmtest/node-npmtest-foreman/example.js":{"path":"/home/travis/build/npmtest/node-npmtest-foreman/example.js","s":{"1":2,"2":2,"3":2,"4":2,"5":2,"6":2,"7":2,"8":1,"9":2,"10":2,"11":2,"12":2,"13":1,"14":2,"15":2,"16":2,"17":2,"18":2,"19":0,"20":2,"21":1,"22":1,"23":1,"24":1,"25":1,"26":0,"27":0,"28":1,"29":1,"30":2,"31":0,"32":0,"33":0,"34":1,"35":2,"36":2,"37":3,"38":3,"39":3,"40":3,"41":0,"42":3,"43":3,"44":3,"45":1,"46":3,"47":1,"48":1,"49":1,"50":1,"51":1,"52":1,"53":1,"54":1,"55":1,"56":1,"57":0,"58":1,"59":6,"60":6,"61":1,"62":2,"63":0,"64":2,"65":1,"66":1,"67":0,"68":0,"69":0,"70":0,"71":0,"72":0,"73":0,"74":0,"75":0,"76":0,"77":0,"78":0,"79":0,"80":0,"81":0,"82":0,"83":0},"b":{"1":[2,1,1,1],"2":[1,1,1,1],"3":[1,1],"4":[2,2],"5":[1,1],"6":[1,1],"7":[2,0],"8":[2,1,1,1,1,1],"9":[0,2,0],"10":[1,1],"11":[2,1,1],"12":[1,0],"13":[0,2],"14":[2,0,0,0,0,0,0],"15":[0,3],"16":[3,0],"17":[1,1],"18":[0,1],"19":[1,2,0,2],"20":[1,0],"21":[1,1],"22":[0,0],"23":[0,0],"24":[0,0],"25":[0,0],"26":[0,0],"27":[0,0],"28":[0,0]},"f":{"1":2,"2":2,"3":2,"4":2,"5":2,"6":2,"7":3,"8":3,"9":3,"10":1,"11":6,"12":0},"fnMap":{"1":{"name":"(anonymous_1)","line":26,"loc":{"start":{"line":26,"column":1},"end":{"line":26,"column":13}}},"2":{"name":"(anonymous_2)","line":33,"loc":{"start":{"line":33,"column":5},"end":{"line":33,"column":17}}},"3":{"name":"(anonymous_3)","line":37,"loc":{"start":{"line":37,"column":24},"end":{"line":37,"column":36}}},"4":{"name":"(anonymous_4)","line":69,"loc":{"start":{"line":69,"column":31},"end":{"line":69,"column":48}},"skip":true},"5":{"name":"(anonymous_5)","line":78,"loc":{"start":{"line":78,"column":26},"end":{"line":78,"column":45}},"skip":true},"6":{"name":"(anonymous_6)","line":123,"loc":{"start":{"line":123,"column":33},"end":{"line":123,"column":48}},"skip":true},"7":{"name":"(anonymous_7)","line":125,"loc":{"start":{"line":125,"column":27},"end":{"line":125,"column":39}},"skip":true},"8":{"name":"(anonymous_8)","line":133,"loc":{"start":{"line":133,"column":59},"end":{"line":133,"column":74}},"skip":true},"9":{"name":"(anonymous_9)","line":143,"loc":{"start":{"line":143,"column":45},"end":{"line":143,"column":62}},"skip":true},"10":{"name":"(anonymous_10)","line":144,"loc":{"start":{"line":144,"column":73},"end":{"line":144,"column":92}},"skip":true},"11":{"name":"(anonymous_11)","line":272,"loc":{"start":{"line":272,"column":51},"end":{"line":272,"column":77}},"skip":true},"12":{"name":"(anonymous_12)","line":315,"loc":{"start":{"line":315,"column":32},"end":{"line":315,"column":61}},"skip":true}},"statementMap":{"1":{"start":{"line":26,"column":0},"end":{"line":326,"column":5}},"2":{"start":{"line":28,"column":4},"end":{"line":28,"column":14}},"3":{"start":{"line":33,"column":4},"end":{"line":60,"column":9}},"4":{"start":{"line":35,"column":8},"end":{"line":35,"column":19}},"5":{"start":{"line":37,"column":8},"end":{"line":49,"column":13}},"6":{"start":{"line":38,"column":12},"end":{"line":48,"column":13}},"7":{"start":{"line":39,"column":16},"end":{"line":42,"column":30}},"8":{"start":{"line":44,"column":16},"end":{"line":47,"column":27}},"9":{"start":{"line":51,"column":8},"end":{"line":53,"column":21}},"10":{"start":{"line":55,"column":8},"end":{"line":57,"column":45}},"11":{"start":{"line":59,"column":8},"end":{"line":59,"column":35}},"12":{"start":{"line":61,"column":4},"end":{"line":325,"column":5}},"13":{"start":{"line":69,"column":8},"end":{"line":121,"column":10},"skip":true},"14":{"start":{"line":70,"column":12},"end":{"line":88,"column":13},"skip":true},"15":{"start":{"line":76,"column":16},"end":{"line":87,"column":19},"skip":true},"16":{"start":{"line":79,"column":20},"end":{"line":86,"column":21},"skip":true},"17":{"start":{"line":82,"column":24},"end":{"line":82,"column":43},"skip":true},"18":{"start":{"line":83,"column":24},"end":{"line":83,"column":30},"skip":true},"19":{"start":{"line":85,"column":24},"end":{"line":85,"column":49},"skip":true},"20":{"start":{"line":89,"column":12},"end":{"line":107,"column":13},"skip":true},"21":{"start":{"line":92,"column":16},"end":{"line":102,"column":17},"skip":true},"22":{"start":{"line":93,"column":20},"end":{"line":93,"column":86},"skip":true},"23":{"start":{"line":94,"column":20},"end":{"line":95,"column":45},"skip":true},"24":{"start":{"line":96,"column":20},"end":{"line":96,"column":42},"skip":true},"25":{"start":{"line":97,"column":20},"end":{"line":97,"column":48},"skip":true},"26":{"start":{"line":100,"column":20},"end":{"line":100,"column":85},"skip":true},"27":{"start":{"line":101,"column":20},"end":{"line":101,"column":96},"skip":true},"28":{"start":{"line":103,"column":16},"end":{"line":103,"column":22},"skip":true},"29":{"start":{"line":106,"column":16},"end":{"line":106,"column":22},"skip":true},"30":{"start":{"line":108,"column":12},"end":{"line":120,"column":13},"skip":true},"31":{"start":{"line":114,"column":16},"end":{"line":119,"column":17},"skip":true},"32":{"start":{"line":116,"column":20},"end":{"line":116,"column":78},"skip":true},"33":{"start":{"line":118,"column":20},"end":{"line":118,"column":47},"skip":true},"34":{"start":{"line":123,"column":8},"end":{"line":141,"column":11},"skip":true},"35":{"start":{"line":124,"column":12},"end":{"line":124,"column":54},"skip":true},"36":{"start":{"line":125,"column":12},"end":{"line":140,"column":14},"skip":true},"37":{"start":{"line":126,"column":16},"end":{"line":126,"column":28},"skip":true},"38":{"start":{"line":127,"column":16},"end":{"line":127,"column":69},"skip":true},"39":{"start":{"line":128,"column":16},"end":{"line":128,"column":75},"skip":true},"40":{"start":{"line":129,"column":16},"end":{"line":131,"column":17},"skip":true},"41":{"start":{"line":130,"column":20},"end":{"line":130,"column":27},"skip":true},"42":{"start":{"line":133,"column":16},"end":{"line":137,"column":36},"skip":true},"43":{"start":{"line":134,"column":20},"end":{"line":136,"column":55},"skip":true},"44":{"start":{"line":139,"column":16},"end":{"line":139,"column":57},"skip":true},"45":{"start":{"line":143,"column":8},"end":{"line":147,"column":11},"skip":true},"46":{"start":{"line":144,"column":12},"end":{"line":146,"column":15},"skip":true},"47":{"start":{"line":145,"column":16},"end":{"line":145,"column":70},"skip":true},"48":{"start":{"line":149,"column":8},"end":{"line":149,"column":31},"skip":true},"49":{"start":{"line":150,"column":8},"end":{"line":150,"column":14},"skip":true},"50":{"start":{"line":158,"column":8},"end":{"line":158,"column":31},"skip":true},"51":{"start":{"line":160,"column":8},"end":{"line":160,"column":33},"skip":true},"52":{"start":{"line":161,"column":8},"end":{"line":161,"column":37},"skip":true},"53":{"start":{"line":162,"column":8},"end":{"line":162,"column":35},"skip":true},"54":{"start":{"line":164,"column":8},"end":{"line":164,"column":50},"skip":true},"55":{"start":{"line":166,"column":8},"end":{"line":256,"column":2},"skip":true},"56":{"start":{"line":258,"column":8},"end":{"line":286,"column":9},"skip":true},"57":{"start":{"line":259,"column":12},"end":{"line":269,"column":14},"skip":true},"58":{"start":{"line":271,"column":12},"end":{"line":285,"column":19},"skip":true},"59":{"start":{"line":274,"column":20},"end":{"line":274,"column":35},"skip":true},"60":{"start":{"line":275,"column":20},"end":{"line":284,"column":21},"skip":true},"61":{"start":{"line":277,"column":24},"end":{"line":277,"column":64},"skip":true},"62":{"start":{"line":279,"column":24},"end":{"line":279,"column":40},"skip":true},"63":{"start":{"line":281,"column":24},"end":{"line":281,"column":40},"skip":true},"64":{"start":{"line":283,"column":24},"end":{"line":283,"column":39},"skip":true},"65":{"start":{"line":288,"column":8},"end":{"line":290,"column":9},"skip":true},"66":{"start":{"line":289,"column":12},"end":{"line":289,"column":18},"skip":true},"67":{"start":{"line":291,"column":8},"end":{"line":293,"column":54},"skip":true},"68":{"start":{"line":296,"column":8},"end":{"line":301,"column":37},"skip":true},"69":{"start":{"line":303,"column":8},"end":{"line":303,"column":82},"skip":true},"70":{"start":{"line":306,"column":8},"end":{"line":308,"column":9},"skip":true},"71":{"start":{"line":307,"column":12},"end":{"line":307,"column":82},"skip":true},"72":{"start":{"line":310,"column":8},"end":{"line":312,"column":9},"skip":true},"73":{"start":{"line":311,"column":12},"end":{"line":311,"column":18},"skip":true},"74":{"start":{"line":313,"column":8},"end":{"line":313,"column":54},"skip":true},"75":{"start":{"line":314,"column":8},"end":{"line":314,"column":69},"skip":true},"76":{"start":{"line":315,"column":8},"end":{"line":323,"column":36},"skip":true},"77":{"start":{"line":316,"column":12},"end":{"line":316,"column":61},"skip":true},"78":{"start":{"line":317,"column":12},"end":{"line":320,"column":13},"skip":true},"79":{"start":{"line":318,"column":16},"end":{"line":318,"column":75},"skip":true},"80":{"start":{"line":319,"column":16},"end":{"line":319,"column":23},"skip":true},"81":{"start":{"line":321,"column":12},"end":{"line":321,"column":38},"skip":true},"82":{"start":{"line":322,"column":12},"end":{"line":322,"column":27},"skip":true},"83":{"start":{"line":324,"column":8},"end":{"line":324,"column":14},"skip":true}},"branchMap":{"1":{"line":39,"type":"binary-expr","locations":[{"start":{"line":39,"column":23},"end":{"line":39,"column":62}},{"start":{"line":40,"column":20},"end":{"line":40,"column":70}},{"start":{"line":41,"column":20},"end":{"line":41,"column":71}},{"start":{"line":42,"column":20},"end":{"line":42,"column":29}}]},"2":{"line":44,"type":"binary-expr","locations":[{"start":{"line":44,"column":23},"end":{"line":44,"column":37}},{"start":{"line":45,"column":20},"end":{"line":45,"column":61}},{"start":{"line":46,"column":20},"end":{"line":46,"column":70}},{"start":{"line":47,"column":20},"end":{"line":47,"column":26}}]},"3":{"line":51,"type":"cond-expr","locations":[{"start":{"line":52,"column":14},"end":{"line":52,"column":20}},{"start":{"line":53,"column":14},"end":{"line":53,"column":20}}]},"4":{"line":55,"type":"binary-expr","locations":[{"start":{"line":55,"column":16},"end":{"line":55,"column":44}},{"start":{"line":55,"column":49},"end":{"line":57,"column":43}}]},"5":{"line":55,"type":"cond-expr","locations":[{"start":{"line":56,"column":14},"end":{"line":56,"column":51}},{"start":{"line":57,"column":14},"end":{"line":57,"column":43}}]},"6":{"line":61,"type":"switch","locations":[{"start":{"line":68,"column":4},"end":{"line":150,"column":14},"skip":true},{"start":{"line":156,"column":4},"end":{"line":324,"column":14},"skip":true}]},"7":{"line":70,"type":"if","locations":[{"start":{"line":70,"column":12},"end":{"line":70,"column":12},"skip":true},{"start":{"line":70,"column":12},"end":{"line":70,"column":12},"skip":true}]},"8":{"line":70,"type":"binary-expr","locations":[{"start":{"line":70,"column":16},"end":{"line":70,"column":22},"skip":true},{"start":{"line":70,"column":27},"end":{"line":70,"column":32},"skip":true},{"start":{"line":71,"column":20},"end":{"line":71,"column":39},"skip":true},{"start":{"line":72,"column":20},"end":{"line":72,"column":49},"skip":true},{"start":{"line":73,"column":20},"end":{"line":73,"column":58},"skip":true},{"start":{"line":74,"column":20},"end":{"line":74,"column":69},"skip":true}]},"9":{"line":79,"type":"switch","locations":[{"start":{"line":80,"column":20},"end":{"line":80,"column":33},"skip":true},{"start":{"line":81,"column":20},"end":{"line":83,"column":30},"skip":true},{"start":{"line":84,"column":20},"end":{"line":85,"column":49},"skip":true}]},"10":{"line":89,"type":"switch","locations":[{"start":{"line":90,"column":12},"end":{"line":103,"column":22},"skip":true},{"start":{"line":105,"column":12},"end":{"line":106,"column":22},"skip":true}]},"11":{"line":89,"type":"binary-expr","locations":[{"start":{"line":89,"column":20},"end":{"line":89,"column":25},"skip":true},{"start":{"line":89,"column":29},"end":{"line":89,"column":48},"skip":true},{"start":{"line":89,"column":52},"end":{"line":89,"column":74},"skip":true}]},"12":{"line":92,"type":"if","locations":[{"start":{"line":92,"column":16},"end":{"line":92,"column":16},"skip":true},{"start":{"line":92,"column":16},"end":{"line":92,"column":16},"skip":true}]},"13":{"line":108,"type":"if","locations":[{"start":{"line":108,"column":12},"end":{"line":108,"column":12},"skip":true},{"start":{"line":108,"column":12},"end":{"line":108,"column":12},"skip":true}]},"14":{"line":108,"type":"binary-expr","locations":[{"start":{"line":108,"column":16},"end":{"line":108,"column":61},"skip":true},{"start":{"line":108,"column":66},"end":{"line":108,"column":72},"skip":true},{"start":{"line":108,"column":77},"end":{"line":108,"column":82},"skip":true},{"start":{"line":109,"column":20},"end":{"line":109,"column":39},"skip":true},{"start":{"line":110,"column":20},"end":{"line":110,"column":49},"skip":true},{"start":{"line":111,"column":20},"end":{"line":111,"column":58},"skip":true},{"start":{"line":112,"column":20},"end":{"line":112,"column":68},"skip":true}]},"15":{"line":129,"type":"if","locations":[{"start":{"line":129,"column":16},"end":{"line":129,"column":16},"skip":true},{"start":{"line":129,"column":16},"end":{"line":129,"column":16},"skip":true}]},"16":{"line":134,"type":"cond-expr","locations":[{"start":{"line":135,"column":26},"end":{"line":135,"column":29},"skip":true},{"start":{"line":136,"column":26},"end":{"line":136,"column":54},"skip":true}]},"17":{"line":164,"type":"binary-expr","locations":[{"start":{"line":164,"column":27},"end":{"line":164,"column":43},"skip":true},{"start":{"line":164,"column":47},"end":{"line":164,"column":49},"skip":true}]},"18":{"line":258,"type":"if","locations":[{"start":{"line":258,"column":8},"end":{"line":258,"column":8},"skip":true},{"start":{"line":258,"column":8},"end":{"line":258,"column":8},"skip":true}]},"19":{"line":275,"type":"switch","locations":[{"start":{"line":276,"column":20},"end":{"line":277,"column":64},"skip":true},{"start":{"line":278,"column":20},"end":{"line":279,"column":40},"skip":true},{"start":{"line":280,"column":20},"end":{"line":281,"column":40},"skip":true},{"start":{"line":282,"column":20},"end":{"line":283,"column":39},"skip":true}]},"20":{"line":288,"type":"if","locations":[{"start":{"line":288,"column":8},"end":{"line":288,"column":8},"skip":true},{"start":{"line":288,"column":8},"end":{"line":288,"column":8},"skip":true}]},"21":{"line":288,"type":"binary-expr","locations":[{"start":{"line":288,"column":12},"end":{"line":288,"column":40},"skip":true},{"start":{"line":288,"column":44},"end":{"line":288,"column":67},"skip":true}]},"22":{"line":292,"type":"binary-expr","locations":[{"start":{"line":292,"column":12},"end":{"line":292,"column":50},"skip":true},{"start":{"line":293,"column":12},"end":{"line":293,"column":53},"skip":true}]},"23":{"line":297,"type":"binary-expr","locations":[{"start":{"line":297,"column":12},"end":{"line":297,"column":65},"skip":true},{"start":{"line":298,"column":12},"end":{"line":301,"column":36},"skip":true}]},"24":{"line":303,"type":"binary-expr","locations":[{"start":{"line":303,"column":43},"end":{"line":303,"column":75},"skip":true},{"start":{"line":303,"column":79},"end":{"line":303,"column":81},"skip":true}]},"25":{"line":306,"type":"if","locations":[{"start":{"line":306,"column":8},"end":{"line":306,"column":8},"skip":true},{"start":{"line":306,"column":8},"end":{"line":306,"column":8},"skip":true}]},"26":{"line":310,"type":"if","locations":[{"start":{"line":310,"column":8},"end":{"line":310,"column":8},"skip":true},{"start":{"line":310,"column":8},"end":{"line":310,"column":8},"skip":true}]},"27":{"line":313,"type":"binary-expr","locations":[{"start":{"line":313,"column":27},"end":{"line":313,"column":43},"skip":true},{"start":{"line":313,"column":47},"end":{"line":313,"column":53},"skip":true}]},"28":{"line":317,"type":"if","locations":[{"start":{"line":317,"column":12},"end":{"line":317,"column":12},"skip":true},{"start":{"line":317,"column":12},"end":{"line":317,"column":12},"skip":true}]}},"code":["/*","example.js","","quickstart example","","instruction","    1. save this script as example.js","    2. run the shell command:","        $ npm install npmtest-foreman && PORT=8081 node example.js","    3. play with the browser-demo on http://127.0.0.1:8081","*/","","","","/* istanbul instrument in package npmtest_foreman */","/*jslint","    bitwise: true,","    browser: true,","    maxerr: 8,","    maxlen: 96,","    node: true,","    nomen: true,","    regexp: true,","    stupid: true","*/","(function () {","    'use strict';","    var local;","","","","    // run shared js-env code - pre-init","    (function () {","        // init local","        local = {};","        // init modeJs","        local.modeJs = (function () {","            try {","                return typeof navigator.userAgent === 'string' &&","                    typeof document.querySelector('body') === 'object' &&","                    typeof XMLHttpRequest.prototype.open === 'function' &&","                    'browser';","            } catch (errorCaughtBrowser) {","                return module.exports &&","                    typeof process.versions.node === 'string' &&","                    typeof require('http').createServer === 'function' &&","                    'node';","            }","        }());","        // init global","        local.global = local.modeJs === 'browser'","            ? window","            : global;","        // init utility2_rollup","        local = local.global.utility2_rollup || (local.modeJs === 'browser'","            ? local.global.utility2_npmtest_foreman","            : global.utility2_moduleExports);","        // export local","        local.global.local = local;","    }());","    switch (local.modeJs) {","","","","    // post-init","    // run browser js-env code - post-init","    /* istanbul ignore next */","    case 'browser':","        local.testRunBrowser = function (event) {","            if (!event || (event &&","                    event.currentTarget &&","                    event.currentTarget.className &&","                    event.currentTarget.className.includes &&","                    event.currentTarget.className.includes('onreset'))) {","                // reset output","                Array.from(","                    document.querySelectorAll('body > .resettable')","                ).forEach(function (element) {","                    switch (element.tagName) {","                    case 'INPUT':","                    case 'TEXTAREA':","                        element.value = '';","                        break;","                    default:","                        element.textContent = '';","                    }","                });","            }","            switch (event && event.currentTarget && event.currentTarget.id) {","            case 'testRunButton1':","                // show tests","                if (document.querySelector('#testReportDiv1').style.display === 'none') {","                    document.querySelector('#testReportDiv1').style.display = 'block';","                    document.querySelector('#testRunButton1').textContent =","                        'hide internal test';","                    local.modeTest = true;","                    local.testRunDefault(local);","                // hide tests","                } else {","                    document.querySelector('#testReportDiv1').style.display = 'none';","                    document.querySelector('#testRunButton1').textContent = 'run internal test';","                }","                break;","            // custom-case","            default:","                break;","            }","            if (document.querySelector('#inputTextareaEval1') && (!event || (event &&","                    event.currentTarget &&","                    event.currentTarget.className &&","                    event.currentTarget.className.includes &&","                    event.currentTarget.className.includes('oneval')))) {","                // try to eval input-code","                try {","                    /*jslint evil: true*/","                    eval(document.querySelector('#inputTextareaEval1').value);","                } catch (errorCaught) {","                    console.error(errorCaught);","                }","            }","        };","        // log stderr and stdout to #outputTextareaStdout1","        ['error', 'log'].forEach(function (key) {","            console[key + '_original'] = console[key];","            console[key] = function () {","                var element;","                console[key + '_original'].apply(console, arguments);","                element = document.querySelector('#outputTextareaStdout1');","                if (!element) {","                    return;","                }","                // append text to #outputTextareaStdout1","                element.value += Array.from(arguments).map(function (arg) {","                    return typeof arg === 'string'","                        ? arg","                        : JSON.stringify(arg, null, 4);","                }).join(' ') + '\\n';","                // scroll textarea to bottom","                element.scrollTop = element.scrollHeight;","            };","        });","        // init event-handling","        ['change', 'click', 'keyup'].forEach(function (event) {","            Array.from(document.querySelectorAll('.on' + event)).forEach(function (element) {","                element.addEventListener(event, local.testRunBrowser);","            });","        });","        // run tests","        local.testRunBrowser();","        break;","","","","    // run node js-env code - post-init","    /* istanbul ignore next */","    case 'node':","        // export local","        module.exports = local;","        // require modules","        local.fs = require('fs');","        local.http = require('http');","        local.url = require('url');","        // init assets","        local.assetsDict = local.assetsDict || {};","        /* jslint-ignore-begin */","        local.assetsDict['/assets.index.template.html'] = '\\","<!doctype html>\\n\\","<html lang=\"en\">\\n\\","<head>\\n\\","<meta charset=\"UTF-8\">\\n\\","<meta name=\"viewport\" content=\"width=device-width, initial-scale=1\">\\n\\","<title>{{env.npm_package_name}} (v{{env.npm_package_version}})</title>\\n\\","<style>\\n\\","/*csslint\\n\\","    box-sizing: false,\\n\\","    universal-selector: false\\n\\","*/\\n\\","* {\\n\\","    box-sizing: border-box;\\n\\","}\\n\\","body {\\n\\","    background: #dde;\\n\\","    font-family: Arial, Helvetica, sans-serif;\\n\\","    margin: 2rem;\\n\\","}\\n\\","body > * {\\n\\","    margin-bottom: 1rem;\\n\\","}\\n\\",".utility2FooterDiv {\\n\\","    margin-top: 20px;\\n\\","    text-align: center;\\n\\","}\\n\\","</style>\\n\\","<style>\\n\\","/*csslint\\n\\","*/\\n\\","textarea {\\n\\","    font-family: monospace;\\n\\","    height: 10rem;\\n\\","    width: 100%;\\n\\","}\\n\\","textarea[readonly] {\\n\\","    background: #ddd;\\n\\","}\\n\\","</style>\\n\\","</head>\\n\\","<body>\\n\\","<!-- utility2-comment\\n\\","<div id=\"ajaxProgressDiv1\" style=\"background: #d00; height: 2px; left: 0; margin: 0; padding: 0; position: fixed; top: 0; transition: background 0.5s, width 1.5s; width: 25%;\"></div>\\n\\","utility2-comment -->\\n\\","<h1>\\n\\","<!-- utility2-comment\\n\\","    <a\\n\\","        {{#if env.npm_package_homepage}}\\n\\","        href=\"{{env.npm_package_homepage}}\"\\n\\","        {{/if env.npm_package_homepage}}\\n\\","        target=\"_blank\"\\n\\","    >\\n\\","utility2-comment -->\\n\\","        {{env.npm_package_name}} (v{{env.npm_package_version}})\\n\\","<!-- utility2-comment\\n\\","    </a>\\n\\","utility2-comment -->\\n\\","</h1>\\n\\","<h3>{{env.npm_package_description}}</h3>\\n\\","<!-- utility2-comment\\n\\","<h4><a download href=\"assets.app.js\">download standalone app</a></h4>\\n\\","<button class=\"onclick onreset\" id=\"testRunButton1\">run internal test</button><br>\\n\\","<div id=\"testReportDiv1\" style=\"display: none;\"></div>\\n\\","utility2-comment -->\\n\\","\\n\\","\\n\\","\\n\\","<label>stderr and stdout</label>\\n\\","<textarea class=\"resettable\" id=\"outputTextareaStdout1\" readonly></textarea>\\n\\","<!-- utility2-comment\\n\\","{{#if isRollup}}\\n\\","<script src=\"assets.app.js\"></script>\\n\\","{{#unless isRollup}}\\n\\","utility2-comment -->\\n\\","<script src=\"assets.utility2.rollup.js\"></script>\\n\\","<script src=\"jsonp.utility2._stateInit?callback=window.utility2._stateInit\"></script>\\n\\","<script src=\"assets.npmtest_foreman.rollup.js\"></script>\\n\\","<script src=\"assets.example.js\"></script>\\n\\","<script src=\"assets.test.js\"></script>\\n\\","<!-- utility2-comment\\n\\","{{/if isRollup}}\\n\\","utility2-comment -->\\n\\","<div class=\"utility2FooterDiv\">\\n\\","    [ this app was created with\\n\\","    <a href=\"https://github.com/kaizhu256/node-utility2\" target=\"_blank\">utility2</a>\\n\\","    ]\\n\\","</div>\\n\\","</body>\\n\\","</html>\\n\\","';","        /* jslint-ignore-end */","        if (local.templateRender) {","            local.assetsDict['/'] = local.templateRender(","                local.assetsDict['/assets.index.template.html'],","                {","                    env: local.objectSetDefault(local.env, {","                        npm_package_description: 'the greatest app in the world!',","                        npm_package_name: 'my-app',","                        npm_package_nameAlias: 'my_app',","                        npm_package_version: '0.0.1'","                    })","                }","            );","        } else {","            local.assetsDict['/'] = local.assetsDict['/assets.index.template.html']","                .replace((/\\{\\{env\\.(\\w+?)\\}\\}/g), function (match0, match1) {","                    // jslint-hack","                    String(match0);","                    switch (match1) {","                    case 'npm_package_description':","                        return 'the greatest app in the world!';","                    case 'npm_package_name':","                        return 'my-app';","                    case 'npm_package_nameAlias':","                        return 'my_app';","                    case 'npm_package_version':","                        return '0.0.1';","                    }","                });","        }","        // run the cli","        if (local.global.utility2_rollup || module !== require.main) {","            break;","        }","        local.assetsDict['/assets.example.js'] =","            local.assetsDict['/assets.example.js'] ||","            local.fs.readFileSync(__filename, 'utf8');","        // bug-workaround - long $npm_package_buildCustomOrg","        /* jslint-ignore-begin */","        local.assetsDict['/assets.npmtest_foreman.rollup.js'] =","            local.assetsDict['/assets.npmtest_foreman.rollup.js'] ||","            local.fs.readFileSync(","                local.npmtest_foreman.__dirname + '/lib.npmtest_foreman.js',","                'utf8'","            ).replace((/^#!/), '//');","        /* jslint-ignore-end */","        local.assetsDict['/favicon.ico'] = local.assetsDict['/favicon.ico'] || '';","        // if $npm_config_timeout_exit exists,","        // then exit this process after $npm_config_timeout_exit ms","        if (Number(process.env.npm_config_timeout_exit)) {","            setTimeout(process.exit, Number(process.env.npm_config_timeout_exit));","        }","        // start server","        if (local.global.utility2_serverHttp1) {","            break;","        }","        process.env.PORT = process.env.PORT || '8081';","        console.error('server starting on port ' + process.env.PORT);","        local.http.createServer(function (request, response) {","            request.urlParsed = local.url.parse(request.url);","            if (local.assetsDict[request.urlParsed.pathname] !== undefined) {","                response.end(local.assetsDict[request.urlParsed.pathname]);","                return;","            }","            response.statusCode = 404;","            response.end();","        }).listen(process.env.PORT);","        break;","    }","}());",""],"l":{"26":2,"28":2,"33":2,"35":2,"37":2,"38":2,"39":2,"44":1,"51":2,"55":2,"59":2,"61":2,"69":1,"70":2,"76":2,"79":2,"82":2,"83":2,"85":1,"89":2,"92":1,"93":1,"94":1,"96":1,"97":1,"100":1,"101":1,"103":1,"106":1,"108":2,"114":1,"116":1,"118":1,"123":1,"124":2,"125":2,"126":3,"127":3,"128":3,"129":3,"130":1,"133":3,"134":3,"139":3,"143":1,"144":3,"145":1,"149":1,"150":1,"158":1,"160":1,"161":1,"162":1,"164":1,"166":1,"258":1,"259":1,"271":1,"274":6,"275":6,"277":1,"279":2,"281":1,"283":2,"288":1,"289":1,"291":1,"296":1,"303":1,"306":1,"307":1,"310":1,"311":1,"313":1,"314":1,"315":1,"316":1,"317":1,"318":1,"319":1,"321":1,"322":1,"324":1}},"/home/travis/build/npmtest/node-npmtest-foreman/node_modules/foreman/nf.js":{"path":"/home/travis/build/npmtest/node-npmtest-foreman/node_modules/foreman/nf.js","s":{"1":1,"2":1,"3":1,"4":1,"5":1,"6":1,"7":1,"8":1,"9":1,"10":1,"11":1,"12":1,"13":1,"14":1,"15":0,"16":1,"17":1,"18":1,"19":1,"20":1,"21":1,"22":1,"23":1,"24":1,"25":1,"26":1,"27":1,"28":1,"29":1,"30":0,"31":0,"32":1,"33":0,"34":0,"35":0,"36":0,"37":0,"38":0,"39":0,"40":0,"41":0,"42":0,"43":0,"44":0,"45":0,"46":0,"47":0,"48":0,"49":0,"50":0,"51":0,"52":0,"53":0,"54":0,"55":1,"56":0,"57":0,"58":0,"59":0,"60":0,"61":0,"62":0,"63":0,"64":0,"65":0,"66":0,"67":0,"68":1,"69":1,"70":0,"71":0,"72":0,"73":0,"74":0,"75":0,"76":0,"77":0,"78":0,"79":0,"80":0,"81":0,"82":0,"83":0,"84":0,"85":0,"86":0,"87":0,"88":0,"89":0,"90":0,"91":0,"92":0,"93":0,"94":0,"95":0,"96":0,"97":0,"98":0,"99":0,"100":0,"101":0,"102":0,"103":0,"104":0,"105":0,"106":0,"107":0,"108":0,"109":0,"110":0,"111":0,"112":0,"113":0,"114":0,"115":0,"116":0,"117":0,"118":0,"119":0,"120":0,"121":0,"122":0,"123":0,"124":0,"125":0,"126":0,"127":0,"128":0,"129":0,"130":1,"131":1,"132":1,"133":1,"134":1,"135":1,"136":1,"137":1},"b":{"1":[0,0],"2":[0,0],"3":[0,0],"4":[0,0],"5":[0,0],"6":[0,0,0,0],"7":[0,0,0,0],"8":[0,0],"9":[0,0],"10":[0,0],"11":[0,0],"12":[0,0],"13":[0,0],"14":[0,0],"15":[0,0],"16":[0,0],"17":[0,0,0,0],"18":[0,0],"19":[1,0]},"f":{"1":0,"2":0,"3":0,"4":0,"5":0,"6":0,"7":0},"fnMap":{"1":{"name":"(anonymous_1)","line":27,"loc":{"start":{"line":27,"column":23},"end":{"line":27,"column":39}}},"2":{"name":"(anonymous_2)","line":50,"loc":{"start":{"line":50,"column":23},"end":{"line":50,"column":34}}},"3":{"name":"(anonymous_3)","line":68,"loc":{"start":{"line":68,"column":10},"end":{"line":68,"column":25}}},"4":{"name":"(anonymous_4)","line":115,"loc":{"start":{"line":115,"column":10},"end":{"line":115,"column":25}}},"5":{"name":"(anonymous_5)","line":121,"loc":{"start":{"line":121,"column":19},"end":{"line":121,"column":34}}},"6":{"name":"(anonymous_6)","line":153,"loc":{"start":{"line":153,"column":10},"end":{"line":153,"column":29}}},"7":{"name":"(anonymous_7)","line":190,"loc":{"start":{"line":190,"column":38},"end":{"line":190,"column":53}}}},"statementMap":{"1":{"start":{"line":7,"column":0},"end":{"line":7,"column":30}},"2":{"start":{"line":8,"column":0},"end":{"line":8,"column":32}},"3":{"start":{"line":9,"column":0},"end":{"line":9,"column":28}},"4":{"start":{"line":10,"column":0},"end":{"line":10,"column":38}},"5":{"start":{"line":11,"column":0},"end":{"line":11,"column":43}},"6":{"start":{"line":13,"column":0},"end":{"line":13,"column":35}},"7":{"start":{"line":14,"column":0},"end":{"line":14,"column":47}},"8":{"start":{"line":16,"column":0},"end":{"line":16,"column":35}},"9":{"start":{"line":18,"column":0},"end":{"line":18,"column":28}},"10":{"start":{"line":19,"column":0},"end":{"line":19,"column":73}},"11":{"start":{"line":20,"column":0},"end":{"line":20,"column":101}},"12":{"start":{"line":21,"column":0},"end":{"line":21,"column":81}},"13":{"start":{"line":26,"column":0},"end":{"line":26,"column":40}},"14":{"start":{"line":27,"column":0},"end":{"line":29,"column":3}},"15":{"start":{"line":28,"column":2},"end":{"line":28,"column":61}},"16":{"start":{"line":30,"column":0},"end":{"line":30,"column":28}},"17":{"start":{"line":32,"column":0},"end":{"line":32,"column":34}},"18":{"start":{"line":33,"column":0},"end":{"line":33,"column":24}},"19":{"start":{"line":34,"column":0},"end":{"line":34,"column":23}},"20":{"start":{"line":36,"column":0},"end":{"line":36,"column":42}},"21":{"start":{"line":37,"column":0},"end":{"line":37,"column":35}},"22":{"start":{"line":39,"column":0},"end":{"line":39,"column":37}},"23":{"start":{"line":40,"column":0},"end":{"line":40,"column":30}},"24":{"start":{"line":42,"column":0},"end":{"line":42,"column":53}},"25":{"start":{"line":43,"column":0},"end":{"line":43,"column":45}},"26":{"start":{"line":44,"column":0},"end":{"line":44,"column":54}},"27":{"start":{"line":46,"column":0},"end":{"line":46,"column":55}},"28":{"start":{"line":47,"column":0},"end":{"line":47,"column":57}},"29":{"start":{"line":50,"column":0},"end":{"line":53,"column":3}},"30":{"start":{"line":51,"column":2},"end":{"line":51,"column":38}},"31":{"start":{"line":52,"column":2},"end":{"line":52,"column":36}},"32":{"start":{"line":55,"column":0},"end":{"line":108,"column":5}},"33":{"start":{"line":70,"column":4},"end":{"line":70,"column":23}},"34":{"start":{"line":72,"column":4},"end":{"line":72,"column":37}},"35":{"start":{"line":74,"column":4},"end":{"line":74,"column":42}},"36":{"start":{"line":76,"column":4},"end":{"line":76,"column":25}},"37":{"start":{"line":76,"column":16},"end":{"line":76,"column":23}},"38":{"start":{"line":78,"column":4},"end":{"line":82,"column":5}},"39":{"start":{"line":79,"column":6},"end":{"line":81,"column":7}},"40":{"start":{"line":80,"column":8},"end":{"line":80,"column":51}},"41":{"start":{"line":84,"column":4},"end":{"line":84,"column":35}},"42":{"start":{"line":86,"column":4},"end":{"line":86,"column":46}},"43":{"start":{"line":88,"column":4},"end":{"line":88,"column":30}},"44":{"start":{"line":90,"column":4},"end":{"line":99,"column":5}},"45":{"start":{"line":91,"column":6},"end":{"line":91,"column":70}},"46":{"start":{"line":92,"column":6},"end":{"line":92,"column":27}},"47":{"start":{"line":93,"column":6},"end":{"line":93,"column":79}},"48":{"start":{"line":95,"column":6},"end":{"line":95,"column":38}},"49":{"start":{"line":96,"column":6},"end":{"line":98,"column":7}},"50":{"start":{"line":97,"column":8},"end":{"line":97,"column":81}},"51":{"start":{"line":101,"column":4},"end":{"line":103,"column":5}},"52":{"start":{"line":102,"column":6},"end":{"line":102,"column":64}},"53":{"start":{"line":105,"column":4},"end":{"line":105,"column":102}},"54":{"start":{"line":107,"column":4},"end":{"line":107,"column":92}},"55":{"start":{"line":110,"column":0},"end":{"line":138,"column":5}},"56":{"start":{"line":117,"column":4},"end":{"line":117,"column":23}},"57":{"start":{"line":119,"column":4},"end":{"line":119,"column":37}},"58":{"start":{"line":121,"column":4},"end":{"line":123,"column":6}},"59":{"start":{"line":122,"column":6},"end":{"line":122,"column":25}},"60":{"start":{"line":125,"column":4},"end":{"line":125,"column":41}},"61":{"start":{"line":125,"column":32},"end":{"line":125,"column":39}},"62":{"start":{"line":127,"column":4},"end":{"line":127,"column":28}},"63":{"start":{"line":129,"column":4},"end":{"line":133,"column":5}},"64":{"start":{"line":130,"column":6},"end":{"line":132,"column":7}},"65":{"start":{"line":131,"column":8},"end":{"line":131,"column":49}},"66":{"start":{"line":135,"column":4},"end":{"line":135,"column":50}},"67":{"start":{"line":137,"column":4},"end":{"line":137,"column":32}},"68":{"start":{"line":140,"column":0},"end":{"line":140,"column":43}},"69":{"start":{"line":142,"column":0},"end":{"line":280,"column":5}},"70":{"start":{"line":155,"column":4},"end":{"line":155,"column":23}},"71":{"start":{"line":157,"column":4},"end":{"line":157,"column":37}},"72":{"start":{"line":159,"column":4},"end":{"line":159,"column":43}},"73":{"start":{"line":161,"column":4},"end":{"line":161,"column":26}},"74":{"start":{"line":161,"column":17},"end":{"line":161,"column":24}},"75":{"start":{"line":163,"column":4},"end":{"line":163,"column":40}},"76":{"start":{"line":166,"column":4},"end":{"line":174,"column":6}},"77":{"start":{"line":176,"column":4},"end":{"line":176,"column":47}},"78":{"start":{"line":178,"column":4},"end":{"line":178,"column":17}},"79":{"start":{"line":179,"column":4},"end":{"line":184,"column":5}},"80":{"start":{"line":180,"column":6},"end":{"line":180,"column":41}},"81":{"start":{"line":182,"column":6},"end":{"line":182,"column":59}},"82":{"start":{"line":183,"column":6},"end":{"line":183,"column":22}},"83":{"start":{"line":188,"column":4},"end":{"line":188,"column":27}},"84":{"start":{"line":189,"column":4},"end":{"line":194,"column":9}},"85":{"start":{"line":191,"column":8},"end":{"line":193,"column":9}},"86":{"start":{"line":192,"column":10},"end":{"line":192,"column":28}},"87":{"start":{"line":196,"column":4},"end":{"line":198,"column":5}},"88":{"start":{"line":197,"column":6},"end":{"line":197,"column":81}},"89":{"start":{"line":200,"column":4},"end":{"line":200,"column":83}},"90":{"start":{"line":201,"column":4},"end":{"line":201,"column":23}},"91":{"start":{"line":202,"column":4},"end":{"line":202,"column":23}},"92":{"start":{"line":203,"column":4},"end":{"line":203,"column":18}},"93":{"start":{"line":205,"column":4},"end":{"line":205,"column":26}},"94":{"start":{"line":209,"column":4},"end":{"line":275,"column":5}},"95":{"start":{"line":211,"column":6},"end":{"line":211,"column":17}},"96":{"start":{"line":212,"column":6},"end":{"line":212,"column":27}},"97":{"start":{"line":214,"column":6},"end":{"line":217,"column":7}},"98":{"start":{"line":215,"column":8},"end":{"line":215,"column":85}},"99":{"start":{"line":216,"column":8},"end":{"line":216,"column":17}},"100":{"start":{"line":219,"column":6},"end":{"line":219,"column":23}},"101":{"start":{"line":221,"column":6},"end":{"line":221,"column":49}},"102":{"start":{"line":222,"column":6},"end":{"line":222,"column":22}},"103":{"start":{"line":223,"column":6},"end":{"line":223,"column":22}},"104":{"start":{"line":225,"column":6},"end":{"line":227,"column":7}},"105":{"start":{"line":226,"column":8},"end":{"line":226,"column":25}},"106":{"start":{"line":229,"column":6},"end":{"line":229,"column":21}},"107":{"start":{"line":230,"column":6},"end":{"line":258,"column":7}},"108":{"start":{"line":232,"column":8},"end":{"line":232,"column":22}},"109":{"start":{"line":233,"column":8},"end":{"line":233,"column":24}},"110":{"start":{"line":235,"column":8},"end":{"line":237,"column":9}},"111":{"start":{"line":236,"column":10},"end":{"line":236,"column":25}},"112":{"start":{"line":239,"column":8},"end":{"line":239,"column":61}},"113":{"start":{"line":241,"column":8},"end":{"line":241,"column":18}},"114":{"start":{"line":242,"column":8},"end":{"line":247,"column":9}},"115":{"start":{"line":243,"column":10},"end":{"line":246,"column":13}},"116":{"start":{"line":248,"column":8},"end":{"line":248,"column":53}},"117":{"start":{"line":249,"column":8},"end":{"line":249,"column":91}},"118":{"start":{"line":251,"column":8},"end":{"line":251,"column":25}},"119":{"start":{"line":254,"column":8},"end":{"line":254,"column":49}},"120":{"start":{"line":256,"column":8},"end":{"line":256,"column":21}},"121":{"start":{"line":257,"column":8},"end":{"line":257,"column":36}},"122":{"start":{"line":260,"column":6},"end":{"line":260,"column":16}},"123":{"start":{"line":261,"column":6},"end":{"line":266,"column":7}},"124":{"start":{"line":262,"column":8},"end":{"line":265,"column":11}},"125":{"start":{"line":268,"column":6},"end":{"line":268,"column":20}},"126":{"start":{"line":271,"column":6},"end":{"line":271,"column":42}},"127":{"start":{"line":273,"column":6},"end":{"line":273,"column":21}},"128":{"start":{"line":274,"column":6},"end":{"line":274,"column":19}},"129":{"start":{"line":278,"column":4},"end":{"line":278,"column":41}},"130":{"start":{"line":282,"column":0},"end":{"line":282,"column":28}},"131":{"start":{"line":284,"column":0},"end":{"line":291,"column":1}},"132":{"start":{"line":285,"column":2},"end":{"line":285,"column":66}},"133":{"start":{"line":286,"column":2},"end":{"line":286,"column":66}},"134":{"start":{"line":287,"column":2},"end":{"line":287,"column":68}},"135":{"start":{"line":288,"column":2},"end":{"line":288,"column":69}},"136":{"start":{"line":289,"column":2},"end":{"line":289,"column":23}},"137":{"start":{"line":290,"column":2},"end":{"line":290,"column":18}}},"branchMap":{"1":{"line":76,"type":"if","locations":[{"start":{"line":76,"column":4},"end":{"line":76,"column":4}},{"start":{"line":76,"column":4},"end":{"line":76,"column":4}}]},"2":{"line":78,"type":"if","locations":[{"start":{"line":78,"column":4},"end":{"line":78,"column":4}},{"start":{"line":78,"column":4},"end":{"line":78,"column":4}}]},"3":{"line":90,"type":"if","locations":[{"start":{"line":90,"column":4},"end":{"line":90,"column":4}},{"start":{"line":90,"column":4},"end":{"line":90,"column":4}}]},"4":{"line":96,"type":"if","locations":[{"start":{"line":96,"column":6},"end":{"line":96,"column":6}},{"start":{"line":96,"column":6},"end":{"line":96,"column":6}}]},"5":{"line":101,"type":"if","locations":[{"start":{"line":101,"column":4},"end":{"line":101,"column":4}},{"start":{"line":101,"column":4},"end":{"line":101,"column":4}}]},"6":{"line":105,"type":"binary-expr","locations":[{"start":{"line":105,"column":47},"end":{"line":105,"column":59}},{"start":{"line":105,"column":63},"end":{"line":105,"column":72}},{"start":{"line":105,"column":76},"end":{"line":105,"column":92}},{"start":{"line":105,"column":96},"end":{"line":105,"column":100}}]},"7":{"line":107,"type":"binary-expr","locations":[{"start":{"line":107,"column":28},"end":{"line":107,"column":40}},{"start":{"line":107,"column":44},"end":{"line":107,"column":53}},{"start":{"line":107,"column":57},"end":{"line":107,"column":73}},{"start":{"line":107,"column":77},"end":{"line":107,"column":81}}]},"8":{"line":125,"type":"if","locations":[{"start":{"line":125,"column":4},"end":{"line":125,"column":4}},{"start":{"line":125,"column":4},"end":{"line":125,"column":4}}]},"9":{"line":125,"type":"binary-expr","locations":[{"start":{"line":125,"column":7},"end":{"line":125,"column":12}},{"start":{"line":125,"column":16},"end":{"line":125,"column":28}}]},"10":{"line":129,"type":"if","locations":[{"start":{"line":129,"column":4},"end":{"line":129,"column":4}},{"start":{"line":129,"column":4},"end":{"line":129,"column":4}}]},"11":{"line":161,"type":"if","locations":[{"start":{"line":161,"column":4},"end":{"line":161,"column":4}},{"start":{"line":161,"column":4},"end":{"line":161,"column":4}}]},"12":{"line":168,"type":"binary-expr","locations":[{"start":{"line":168,"column":50},"end":{"line":168,"column":61}},{"start":{"line":168,"column":65},"end":{"line":168,"column":67}}]},"13":{"line":172,"type":"binary-expr","locations":[{"start":{"line":172,"column":22},"end":{"line":172,"column":33}},{"start":{"line":172,"column":37},"end":{"line":172,"column":49}}]},"14":{"line":179,"type":"if","locations":[{"start":{"line":179,"column":4},"end":{"line":179,"column":4}},{"start":{"line":179,"column":4},"end":{"line":179,"column":4}}]},"15":{"line":191,"type":"if","locations":[{"start":{"line":191,"column":8},"end":{"line":191,"column":8}},{"start":{"line":191,"column":8},"end":{"line":191,"column":8}}]},"16":{"line":196,"type":"if","locations":[{"start":{"line":196,"column":4},"end":{"line":196,"column":4}},{"start":{"line":196,"column":4},"end":{"line":196,"column":4}}]},"17":{"line":200,"type":"binary-expr","locations":[{"start":{"line":200,"column":28},"end":{"line":200,"column":40}},{"start":{"line":200,"column":44},"end":{"line":200,"column":53}},{"start":{"line":200,"column":57},"end":{"line":200,"column":73}},{"start":{"line":200,"column":77},"end":{"line":200,"column":81}}]},"18":{"line":214,"type":"if","locations":[{"start":{"line":214,"column":6},"end":{"line":214,"column":6}},{"start":{"line":214,"column":6},"end":{"line":214,"column":6}}]},"19":{"line":284,"type":"if","locations":[{"start":{"line":284,"column":0},"end":{"line":284,"column":0}},{"start":{"line":284,"column":0},"end":{"line":284,"column":0}}]}},"code":["//#!/usr/bin/env node","// Copyright IBM Corp. 2012,2015. All Rights Reserved.","// Node module: foreman","// This file is licensed under the MIT License.","// License text available at https://opensource.org/licenses/MIT","","var path    = require('path');","var events  = require('events');","var fs      = require('fs');","var colors  = require('./lib/colors');","var quote   = require('shell-quote').quote;","","var program = require('commander');","var display = require('./lib/console').Console;","","var nf = require('./package.json');","","program.version(nf.version);","program.option('-j, --procfile <FILE>' ,'load procfile FILE','Procfile');","program.option('-e, --env      <FILE>' ,'load environment from FILE, a comma-separated list','.env');","program.option('-p, --port     <PORT>' ,'start indexing ports at number PORT',0);","","","// Foreman Event Bus/Emitter //","","var emitter = new events.EventEmitter();","emitter.once('killall',function(signal){","  display.Done(\"Killing all processes with signal \", signal);","});","emitter.setMaxListeners(50);","","var _proc = require('./lib/proc');","var start = _proc.start;","var once  = _proc.once;","","var _procfile = require('./lib/procfile');","var loadProc  = _procfile.loadProc;","","var _envs    = require('./lib/envs');","var loadEnvs = _envs.loadEnvs;","","var _requirements    = require('./lib/requirements');","var getreqs          = _requirements.getreqs;","var calculatePadding = _requirements.calculatePadding;","","var startProxies = require('./lib/proxy').startProxies;","var startForward = require('./lib/forward').startForward;","","// Kill All Child Processes on SIGINT","process.once('SIGINT', function() {","  display.Warn('Interrupted by User');","  emitter.emit('killall', 'SIGINT');","});","","program","  .command('start [procs]')","  .usage('[Options] [Processes] e.g. web=1,log=2,api')","  .option('-s, --showenvs'             ,'show ENV variables on start',false)","  .option('-x, --proxy     <PORT>'     ,'start a load balancing proxy on PORT')","  .option('--ssl-key       <KEY FILE>' ,'a key file to use when proxying SSL')","  .option('--ssl-cert      <CERT FILE>','a cert file to use when proxying SSL')","  .option('-f, --forward   <PORT>'     ,'start a forward proxy on PORT')","  .option('-i, --intercept <HOSTNAME>' ,'set forward proxy to intercept HOSTNAME',null)","  .option('-r, --raw'                  ,'raw log output with no app name, timestamp, wrap or trim', false)","  .option('-t, --trim      <N>'        ,'trim logs to N characters',0)","  .option('-w, --wrap'                 ,'wrap logs (negates trim)')","  .description('Start the jobs in the Procfile')","  .action(function(args) {","","    var command = this;","","    var envs = loadEnvs(program.env);","","    var proc = loadProc(program.procfile);","","    if(!proc) { return; }","","    if(command.showenvs){","      for(var key in envs){","        display.Alert(\"env %s=%s\", key, envs[key]);","      }","    }","","    var reqs = getreqs(args, proc);","","    display.padding  = calculatePadding(reqs);","","    display.raw = command.raw;","","    if(command.wrap) {","      display.wrapline = process.stdout.columns - display.padding - 7;","      display.trimline = 0;","      display.Alert('Wrapping display Output to %d Columns', display.wrapline);","    } else {","      display.trimline = command.trim;","      if(display.trimline > 0){","        display.Alert('Trimming display Output to %d Columns', display.trimline);","      }","    }","","    if(command.forward) {","      startForward(command.forward, command.intercept, emitter);","    }","","    startProxies(reqs, proc, command, emitter, program.port || envs.PORT || process.env.PORT || 5000);","","    start(proc, reqs, envs, program.port || envs.PORT || process.env.PORT || 5000, emitter);","  });","","program","  .command('run <COMMAND...>')","  .usage('[Options]')","  .option('-s, --showenvs', 'show ENV variables on start', false)","  .description('Run a one off process using the ENV variables')","  .action(function(args) {","","    var command = this;","","    var envs = loadEnvs(program.env);","","    var callback = function(code) {","      process.exit(code);","    };","","    if(!args || !args.length) { return; }","","    var input = quote(args);","","    if(command.showenvs) {","      for(var key in envs){","        display.Alert(\"env %s=%s\",key,envs[key]);","      }","    }","","    display.trimline = process.stdout.columns - 5;","","    once(input, envs, callback);","  });","","var exporters = require('./lib/exporters');","","program","  .command('export [PROCS]')","  .option('-a, --app  <NAME>' ,'export upstart application as NAME','foreman')","  .option('-u, --user <NAME>' ,'export upstart user as NAME','root')","  .option('-o, --out  <DIR>'  ,'export upstart files to DIR','.')","  .option('-c, --cwd  <DIR>'  ,'change current working directory to DIR')","  .option('-g, --gid  <GID>'  ,'set gid of upstart config to GID')","  .option('-l, --log  <DIR>'  ,'specify upstart log directory','/var/log')","  .option('-t, --type <TYPE>' ,'export file to TYPE (default upstart)','upstart')","  .option('-m, --template <DIR>' ,'use template folder')","  .description('Export to an upstart job independent of foreman')","  .action(function(procArgs) {","","    var command = this;","","    var envs = loadEnvs(program.env);","","    var procs = loadProc(program.procfile);","","    if(!procs) { return; }","","    var req  = getreqs(procArgs, procs);","","    // Variables for Upstart Template","    var config = {","        application : command.app,","        cwd         : path.resolve(process.cwd(), command.cwd || ''),","        user        : command.user,","        logs        : command.log,","        envs        : envs,","        group       : command.gid || command.user,","        template    : command.template","    };","","    config.envfile = path.resolve(program.env);","","    var writeout;","    if(exporters[command.type]) {","      writeout = exporters[command.type];","    } else {","      display.Error(\"Unknown Export Format\", command.type);","      process.exit(1);","    }","","    // Check for Upstart User","    // friendly warning - does not stop export","    var userExists = false;","    fs.readFileSync('/etc/passwd')","      .toString().split(/\\n/).forEach(function(line) {","        if(line.match(/^[^:]*/)[0] == config.user){","          userExists = true;","        }","      });","","    if(!userExists) {","      display.Warn(display.fmt(\"User %s Does Not Exist on System\", config.user));","    }","","    var baseport = parseInt(program.port || envs.PORT || process.env.PORT || 5000);","    var baseport_i = 0;","    var baseport_j = 0;","    var envl = [];","","    config.processes = [];","","    // This is ugly because of shitty support for array copying","    // Cleanup is definitely required","    for(var key in req) {","","      var c = {};","      var cmd = procs[key];","","      if (!cmd){","        display.Warn(\"Required Key '%s' Does Not Exist in Procfile Definition\", key);","        continue;","      }","","      var n = req[key];","","      config.processes.push({process:key, n: n});","      c.process = key;","      c.command = cmd;","","      for(var _ in config){","        c[_] = config[_];","      }","","      c.numbers = [];","      for(var i=1; i <= n; i++) {","","        var conf = {};","        conf.number = i;","","        for(_ in c){","          conf[_] = c[_];","        }","","        conf.port = baseport + baseport_i + baseport_j * 100;","","        envl = [];","        for(key in envs) {","          envl.push({","            key: key,","            value: envs[key]","          });","        }","        envl.push({ key: 'PORT', value: conf.port });","        envl.push({ key: 'FOREMAN_WORKER_NAME', value: conf.process + '.' + conf.number });","","        conf.envs = envl;","","        // Write the APP-PROCESS-N.conf File","        writeout.foreman_app_n(conf,command.out);","","        baseport_i++;","        c.numbers.push({number: i});","      }","","      envl = [];","      for(key in envs){","        envl.push({","          key: key,","          value: envs[key]","        });","      }","","      c.envs = envl;","","      // Write the APP-Process.conf File","      writeout.foreman_app(c,command.out);","","      baseport_i = 0;","      baseport_j++;","    }","","    // Write the APP.conf File","    writeout.foreman(config,command.out);","","  });","","program.parse(process.argv);","","if (!process.argv.slice(2).length) {","  console.log(colors.cyan('   _____                           '));","  console.log(colors.cyan('  |   __|___ ___ ___ _____ ___ ___ '));","  console.log(colors.yellow('  |   __| . |  _| -_|     |   |   |'));","  console.log(colors.magenta('  |__|  |___|_| |___|_|_|_|_^_|_|_|'));","  program.outputHelp();","  process.exit(1);","}",""],"l":{"7":1,"8":1,"9":1,"10":1,"11":1,"13":1,"14":1,"16":1,"18":1,"19":1,"20":1,"21":1,"26":1,"27":1,"28":0,"30":1,"32":1,"33":1,"34":1,"36":1,"37":1,"39":1,"40":1,"42":1,"43":1,"44":1,"46":1,"47":1,"50":1,"51":0,"52":0,"55":1,"70":0,"72":0,"74":0,"76":0,"78":0,"79":0,"80":0,"84":0,"86":0,"88":0,"90":0,"91":0,"92":0,"93":0,"95":0,"96":0,"97":0,"101":0,"102":0,"105":0,"107":0,"110":1,"117":0,"119":0,"121":0,"122":0,"125":0,"127":0,"129":0,"130":0,"131":0,"135":0,"137":0,"140":1,"142":1,"155":0,"157":0,"159":0,"161":0,"163":0,"166":0,"176":0,"178":0,"179":0,"180":0,"182":0,"183":0,"188":0,"189":0,"191":0,"192":0,"196":0,"197":0,"200":0,"201":0,"202":0,"203":0,"205":0,"209":0,"211":0,"212":0,"214":0,"215":0,"216":0,"219":0,"221":0,"222":0,"223":0,"225":0,"226":0,"229":0,"230":0,"232":0,"233":0,"235":0,"236":0,"239":0,"241":0,"242":0,"243":0,"248":0,"249":0,"251":0,"254":0,"256":0,"257":0,"260":0,"261":0,"262":0,"268":0,"271":0,"273":0,"274":0,"278":0,"282":1,"284":1,"285":1,"286":1,"287":1,"288":1,"289":1,"290":1}},"/home/travis/build/npmtest/node-npmtest-foreman/node_modules/foreman/lib/colors.js":{"path":"/home/travis/build/npmtest/node-npmtest-foreman/node_modules/foreman/lib/colors.js","s":{"1":1,"2":1,"3":1,"4":0,"5":1,"6":12,"7":12,"8":4,"9":0,"10":1,"11":1,"12":1,"13":12,"14":12,"15":12,"16":1},"b":{"1":[12,0]},"f":{"1":0,"2":12,"3":4,"4":12},"fnMap":{"1":{"name":"identity","line":22,"loc":{"start":{"line":22,"column":0},"end":{"line":22,"column":24}}},"2":{"name":"colorizer","line":26,"loc":{"start":{"line":26,"column":0},"end":{"line":26,"column":26}}},"3":{"name":"(anonymous_3)","line":28,"loc":{"start":{"line":28,"column":11},"end":{"line":28,"column":26}}},"4":{"name":"(anonymous_4)","line":39,"loc":{"start":{"line":39,"column":18},"end":{"line":39,"column":33}}}},"statementMap":{"1":{"start":{"line":6,"column":0},"end":{"line":6,"column":22}},"2":{"start":{"line":7,"column":0},"end":{"line":20,"column":2}},"3":{"start":{"line":22,"column":0},"end":{"line":24,"column":1}},"4":{"start":{"line":23,"column":2},"end":{"line":23,"column":14}},"5":{"start":{"line":26,"column":0},"end":{"line":34,"column":1}},"6":{"start":{"line":27,"column":2},"end":{"line":33,"column":3}},"7":{"start":{"line":28,"column":4},"end":{"line":30,"column":6}},"8":{"start":{"line":29,"column":6},"end":{"line":29,"column":41}},"9":{"start":{"line":32,"column":4},"end":{"line":32,"column":20}},"10":{"start":{"line":36,"column":0},"end":{"line":36,"column":27}},"11":{"start":{"line":38,"column":0},"end":{"line":38,"column":36}},"12":{"start":{"line":39,"column":0},"end":{"line":43,"column":3}},"13":{"start":{"line":40,"column":2},"end":{"line":40,"column":32}},"14":{"start":{"line":41,"column":2},"end":{"line":41,"column":33}},"15":{"start":{"line":42,"column":2},"end":{"line":42,"column":38}},"16":{"start":{"line":45,"column":0},"end":{"line":45,"column":57}}},"branchMap":{"1":{"line":27,"type":"if","locations":[{"start":{"line":27,"column":2},"end":{"line":27,"column":2}},{"start":{"line":27,"column":2},"end":{"line":27,"column":2}}]}},"code":["// Copyright IBM Corp. 2012,2016. All Rights Reserved.","// Node module: foreman","// This file is licensed under the MIT License.","// License text available at https://opensource.org/licenses/MIT","","var reset = '\\x1B[0m';","var colors = {","  magenta:         '\\x1B[35m',","  blue:            '\\x1B[34m',","  cyan:            '\\x1B[36m',","  green:           '\\x1B[32m',","  yellow:          '\\x1B[33m',","  red:             '\\x1B[31m',","  bright_magenta:  '\\x1B[35m',","  bright_cyan:     '\\x1B[36m',","  bright_blue:     '\\x1B[34m',","  bright_green:    '\\x1B[32m',","  bright_yellow:   '\\x1B[33m',","  bright_red:      '\\x1B[31m',","};","","function identity(self) {","  return self;","}","","function colorizer(color) {","  if (process.stdout.isTTY) {","    return function (str) {","      return colors[color] + str + reset;","    };","  } else {","    return identity;","  }","}","","module.exports.colors = [];","","var colorKeys = Object.keys(colors);","colorKeys.forEach(function(name) {","  var colorFn = colorizer(name);","  module.exports[name] = colorFn;","  module.exports.colors.push(colorFn);","});","","module.exports.colors_max = module.exports.colors.length;",""],"l":{"6":1,"7":1,"22":1,"23":0,"26":1,"27":12,"28":12,"29":4,"32":0,"36":1,"38":1,"39":1,"40":12,"41":12,"42":12,"45":1}},"/home/travis/build/npmtest/node-npmtest-foreman/node_modules/foreman/lib/console.js":{"path":"/home/travis/build/npmtest/node-npmtest-foreman/node_modules/foreman/lib/console.js","s":{"1":1,"2":1,"3":1,"4":0,"5":0,"6":0,"7":0,"8":0,"9":0,"10":0,"11":1,"12":1,"13":1,"14":0,"15":1,"16":0,"17":0,"18":0,"19":0,"20":0,"21":1,"22":1,"23":1,"24":1,"25":1,"26":1,"27":0,"28":1,"29":0,"30":0,"31":0,"32":0,"33":0,"34":1,"35":1,"36":0,"37":0,"38":1,"39":0,"40":0,"41":1,"42":0,"43":0,"44":0,"45":0,"46":0,"47":0,"48":0,"49":0,"50":0,"51":0,"52":0,"53":0,"54":0,"55":0,"56":0,"57":0,"58":0,"59":0,"60":1,"61":0,"62":1,"63":0,"64":1,"65":0,"66":1,"67":0,"68":1,"69":1},"b":{"1":[0,0],"2":[0,0],"3":[0,0],"4":[1,1],"5":[0,0],"6":[0,0],"7":[0,0],"8":[0,0]},"f":{"1":0,"2":0,"3":0,"4":1,"5":0,"6":0,"7":0,"8":0,"9":0,"10":0,"11":0,"12":0,"13":0,"14":0,"15":0},"fnMap":{"1":{"name":"wrap","line":9,"loc":{"start":{"line":9,"column":0},"end":{"line":9,"column":32}}},"2":{"name":"stripANSI","line":23,"loc":{"start":{"line":23,"column":0},"end":{"line":23,"column":24}}},"3":{"name":"trim","line":30,"loc":{"start":{"line":30,"column":0},"end":{"line":30,"column":23}}},"4":{"name":"Console","line":40,"loc":{"start":{"line":40,"co
[...]
line":68,"column":2},"end":{"line":68,"column":89}},"37":{"start":{"line":71,"column":0},"end":{"line":74,"column":1}},"38":{"start":{"line":72,"column":2},"end":{"line":72,"column":57}},"39":{"start":{"line":73,"column":2},"end":{"line":73,"column":80}},"40":{"start":{"line":76,"column":0},"end":{"line":79,"column":1}},"41":{"start":{"line":77,"column":2},"end":{"line":77,"column":78}},"42":{"start":{"line":78,"column":2},"end":{"line":78,"column":84}},"43":{"start":{"line":81,"column":0},"end":{"line":84,"column":1}},"44":{"start":{"line":82,"column":2},"end":{"line":82,"column":99}},"45":{"start":{"line":83,"column":2},"end":{"line":83,"column":87}},"46":{"start":{"line":86,"column":0},"end":{"line":104,"column":1}},"47":{"start":{"line":87,"column":2},"end":{"line":87,"column":55}},"48":{"start":{"line":88,"column":2},"end":{"line":88,"column":20}},"49":{"start":{"line":92,"column":2},"end":{"line":99,"column":3}},"50":{"start":{"line":93,"column":4},"end":{"line":93,"column":44}},"51":{"start":{"line":94,"column":4},"end":{"line":94,"column":32}},"52":{"start":{"line":96,"column":4},"end":{"line":98,"column":5}},"53":{"start":{"line":97,"column":6},"end":{"line":97,"column":64}},"54":{"start":{"line":101,"column":2},"end":{"line":101,"column":37}},"55":{"start":{"line":103,"column":2},"end":{"line":103,"column":82}},"56":{"start":{"line":106,"column":0},"end":{"line":127,"column":1}},"57":{"start":{"line":107,"column":2},"end":{"line":107,"column":96}},"58":{"start":{"line":108,"column":2},"end":{"line":108,"column":16}},"59":{"start":{"line":111,"column":2},"end":{"line":122,"column":3}},"60":{"start":{"line":112,"column":4},"end":{"line":112,"column":31}},"61":{"start":{"line":113,"column":4},"end":{"line":113,"column":35}},"62":{"start":{"line":117,"column":4},"end":{"line":119,"column":5}},"63":{"start":{"line":118,"column":6},"end":{"line":118,"column":40}},"64":{"start":{"line":121,"column":4},"end":{"line":121,"column":46}},"65":{"start":{"line":124,"column":2},"end":{"line":124,"column":29}},"66":{"start":{"line":126,"column":2},"end":{"line":126,"column":88}},"67":{"start":{"line":129,"column":0},"end":{"line":132,"column":1}},"68":{"start":{"line":130,"column":2},"end":{"line":130,"column":75}},"69":{"start":{"line":131,"column":2},"end":{"line":131,"column":77}},"70":{"start":{"line":134,"column":0},"end":{"line":160,"column":2}},"71":{"start":{"line":162,"column":0},"end":{"line":162,"column":32}}},"branchMap":{"1":{"line":17,"type":"if","locations":[{"start":{"line":17,"column":4},"end":{"line":17,"column":4}},{"start":{"line":17,"column":4},"end":{"line":17,"column":4}}]},"2":{"line":25,"type":"if","locations":[{"start":{"line":25,"column":2},"end":{"line":25,"column":2}},{"start":{"line":25,"column":2},"end":{"line":25,"column":2}}]},"3":{"line":34,"type":"if","locations":[{"start":{"line":34,"column":4},"end":{"line":34,"column":4}},{"start":{"line":34,"column":4},"end":{"line":34,"column":4}}]},"4":{"line":117,"type":"if","locations":[{"start":{"line":117,"column":4},"end":{"line":117,"column":4}},{"start":{"line":117,"column":4},"end":{"line":117,"column":4}}]}},"code":["// Copyright IBM Corp. 2014,2016. All Rights Reserved.","// Node module: foreman","// This file is licensed under the MIT License.","// License text available at https://opensource.org/licenses/MIT","","var colors  = require('./colors');","var ppath   = require('path');","var mu      = require('mustache');","var fs      = require('fs');","","var display = require('./console').Console;","","// Procfile to System Service Export //","","function render(filename, conf, callback) {","  fs.readFile(filename, {encoding: 'utf8'}, function(err, template) {","    if (err) {","      throw err;","    }","    callback(mu.render(template, conf));","  });","}","","function templatePath(conf, type, file) {","  if(conf.template) {","    return ppath.resolve(conf.template, file);","  } else {","    return ppath.resolve(__dirname, type, file);","  }","}","","function writeout(path) {","  return function(data) {","    if (fs.existsSync(path)) {","      display.Warn(colors.bright_yellow('Replacing: %s'), path);","    }","","    fs.writeFileSync(path,data);","    display.Alert('Wrote  :',ppath.normalize(path));","  };","}","","function upstart(conf, outdir) {","  var path = outdir + \"/\" + conf.application + \".conf\";","  render(templatePath(conf, 'upstart', 'foreman.conf'), conf, writeout(path));","}","","function upstart_app(conf, outdir) {","  var path = outdir + \"/\" + conf.application + \"-\" + conf.process + \".conf\";","  render(templatePath(conf, 'upstart', 'foreman-APP.conf'), conf, writeout(path));","}","","function upstart_app_n(conf, outdir) {","  var path = outdir + \"/\" + conf.application + \"-\" + conf.process + \"-\" + conf.number + \".conf\";","  render(templatePath(conf, 'upstart','foreman-APP-N.conf'), conf, writeout(path));","}","","function upstart_single(conf, outdir) {","  var path = outdir + \"/\" + conf.application + \".conf\";","  render(templatePath(conf, 'upstart-single', 'foreman.conf'), conf, writeout(path));","  display.Warn('upstart-single jobs attempt to raise limits and will fail ' +","               'to  start if the limits cannot be raised to the desired ' +","               'levels.  Some manual editing may be required.');","}","","function upstart_single_app(conf, outdir) {","  var path = outdir + \"/\" + conf.application + \"-\" + conf.process + \".conf\";","  render(templatePath(conf, 'upstart-single', 'foreman-APP.conf'), conf, writeout(path));","}","","function systemd(conf, outdir){","  var path = outdir + \"/\" + conf.application + \".target\";","  render(templatePath(conf, 'systemd', 'foreman.target'), conf, writeout(path));","}","","function systemd_app(conf, outdir) {","  var path = outdir + \"/\" + conf.application + \"-\" + conf.process + \".target\";","  render(templatePath(conf, 'systemd', 'foreman-APP.target'), conf, writeout(path));","}","","function systemd_app_n(conf, outdir) {","  var path = outdir + \"/\" + conf.application + \"-\" + conf.process + \"-\" + conf.number + \".service\";","  render(templatePath(conf, 'systemd', 'foreman-APP-N.service'), conf, writeout(path));","}","","function supervisord(conf, outdir) {","  var path = outdir + \"/\" + conf.application + \".conf\";","  var programs = [];","","  // Supervisord requires comma separated lists and they are","  // quite ugly to handle in Moustache.","  for(var i = 0; i < conf.processes.length; i++) {","    var process = conf.processes[i].process;","    var n = conf.processes[i].n;","","    for(var j = 1; j <= n; j++) {","      programs.push(conf.application + \"-\" + process + \"-\" + j);","    }","  }","","  conf.programs = programs.join(',');","","  render(templatePath(conf, 'supervisord', 'foreman.conf'), conf, writeout(path));","}","","function supervisord_app_n(conf, outdir) {","  var path = outdir + \"/\" + conf.application + \"-\" + conf.process + \"-\" + conf.number + \".conf\";","  var envs = [];","","  // We have to do the same thing for env variables.","  for(var i in conf.envs) {","    var key = conf.envs[i].key;","    var value = conf.envs[i].value;","","    // Some variables like 'web.1' breaks supervisor confg so we","    // escape quotes and wrap values in quotes.","    if(typeof value === 'string') {","      value = value.replace(/\"/, '\\\\\"');","    }","","    envs.push(key + \"=\" + '\"' + value  + '\"');","  }","","  conf.envs = envs.join(',');","","  render(templatePath(conf, 'supervisord', 'foreman-APP-N.conf'), conf, writeout(path));","}","","function smf_app(conf, outdir) {","  var path = outdir + \"/\" + conf.application + \"-\" + conf.process + \".xml\";","  render(templatePath(conf, 'smf', 'foreman-APP.xml'), conf, writeout(path));","}","","var export_formats = {","  \"upstart\": {","    foreman       : upstart,","    foreman_app   : upstart_app,","    foreman_app_n : upstart_app_n,","  },","  \"upstart-single\": {","    foreman       : upstart_single,","    foreman_app   : upstart_single_app,","    foreman_app_n : function noop() {},","  },","  \"systemd\": {","    foreman       : systemd,","    foreman_app   : systemd_app,","    foreman_app_n : systemd_app_n,","  },","  \"supervisord\": {","    foreman       : supervisord,","    foreman_app   : function noop() {},","    foreman_app_n : supervisord_app_n,","  },","  \"smf\": {","    foreman       : function noop() {},","    foreman_app   : smf_app,","    foreman_app_n : function noop() {},","  }","};","","module.exports = export_formats;",""],"l":{"6":1,"7":1,"8":1,"9":1,"11":1,"15":1,"16":0,"17":0,"18":0,"20":0,"24":1,"25":0,"26":0,"28":0,"32":1,"33":0,"34":0,"35":0,"38":0,"39":0,"43":1,"44":0,"45":0,"48":1,"49":0,"50":0,"53":1,"54":0,"55":0,"58":1,"59":0,"60":0,"61":0,"66":1,"67":0,"68":0,"71":1,"72":0,"73":0,"76":1,"77":0,"78":0,"81":1,"82":0,"83":0,"86":1,"87":0,"88":0,"92":0,"93":0,"94":0,"96":0,"97":0,"101":0,"103":0,"106":1,"107":0,"108":0,"111":0,"112":0,"113":0,"117":0,"118":0,"121":0,"124":0,"126":0,"129":1,"130":0,"131":0,"134":1,"162":1}},"/home/travis/build/npmtest/node-npmtest-foreman/node_modules/foreman/forward.js":{"path":"/home/travis/build/npmtest/node-npmtest-foreman/node_modules/foreman/forward.js","s":{"1":2,"2":2,"3":2,"4":1,"5":2,"6":2,"7":0,"8":0,"9":0,"10":0,"11":0,"12":0,"13":0,"14":0,"15":0,"16":0,"17":0,"18":0,"19":0,"20":2,"21":0,"22":2,"23":0,"24":0,"25":0,"26":0,"27":2,"28":2},"b":{"1":[0,0],"2":[0,0],"3":[0,0],"4":[0,0]},"f":{"1":2,"2":0,"3":0,"4":0},"fnMap":{"1":{"name":"startForward","line":10,"loc":{"start":{"line":10,"column":0},"end":{"line":10,"column":46}}},"2":{"name":"(anonymous_2)","line":14,"loc":{"start":{"line":14,"column":37},"end":{"line":14,"column":56}}},"3":{"name":"(anonymous_3)","line":49,"loc":{"start":{"line":49,"column":22},"end":{"line":49,"column":51}}},"4":{"name":"(anonymous_4)","line":53,"loc":{"start":{"line":53,"column":20},"end":{"line":53,"column":43}}}},"statementMap":{"1":{"start":{"line":6,"column":0},"end":{"line":6,"column":27}},"2":{"start":{"line":7,"column":0},"end":{"line":7,"column":26}},"3":{"start":{"line":8,"column":0},"end":{"line":8,"column":38}},"4":{"start":{"line":10,"column":0},"end":{"line":61,"column":1}},"5":{"start":{"line":12,"column":2},"end":{"line":12,"column":46}},"6":{"start":{"line":14,"column":2},"end":{"line":47,"column":5}},"7":{"start":{"line":16,"column":4},"end":{"line":16,"column":35}},"8":{"start":{"line":18,"column":4},"end":{"line":18,"column":30}},"9":{"start":{"line":19,"column":4},"end":{"line":19,"column":32}},"10":{"start":{"line":20,"column":4},"end":{"line":20,"column":28}},"11":{"start":{"line":22,"column":4},"end":{"line":22,"column":15}},"12":{"start":{"line":23,"column":4},"end":{"line":43,"column":5}},"13":{"start":{"line":25,"column":6},"end":{"line":28,"column":8}},"14":{"start":{"line":30,"column":6},"end":{"line":30,"column":68}},"15":{"start":{"line":32,"column":6},"end":{"line":36,"column":7}},"16":{"start":{"line":33,"column":8},"end":{"line":33,"column":30}},"17":{"start":{"line":35,"column":8},"end":{"line":35,"column":22}},"18":{"start":{"line":39,"column":6},"end":{"line":42,"column":8}},"19":{"start":{"line":45,"column":4},"end":{"line":45,"column":42}},"20":{"start":{"line":49,"column":2},"end":{"line":51,"column":5}},"21":{"start":{"line":50,"column":4},"end":{"line":50,"column":32}},"22":{"start":{"line":53,"column":2},"end":{"line":58,"column":5}},"23":{"start":{"line":54,"column":4},"end":{"line":54,"column":40}},"24":{"start":{"line":55,"column":4},"end":{"line":55,"column":23}},"25":{"start":{"line":56,"column":4},"end":{"line":56,"column":38}},"26":{"start":{"line":57,"column":4},"end":{"line":57,"column":14}},"27":{"start":{"line":60,"column":2},"end":{"line":60,"column":32}},"28":{"start":{"line":63,"column":0},"end":{"line":63,"column":61}}},"branchMap":{"1":{"line":19,"type":"binary-expr","locations":[{"start":{"line":19,"column":16},"end":{"line":19,"column":25}},{"start":{"line":19,"column":29},"end":{"line":19,"column":31}}]},"2":{"line":23,"type":"if","locations":[{"start":{"line":23,"column":4},"end":{"line":23,"column":4}},{"start":{"line":23,"column":4},"end":{"line":23,"column":4}}]},"3":{"line":23,"type":"binary-expr","locations":[{"start":{"line":23,"column":7},"end":{"line":23,"column":29}},{"start":{"line":23,"column":33},"end":{"line":23,"column":52}}]},"4":{"line":32,"type":"if","locations":[{"start":{"line":32,"column":6},"end":{"line":32,"column":6}},{"start":{"line":32,"column":6},"end":{"line":32,"column":6}}]}},"code":["// Copyright IBM Corp. 2012,2016. All Rights Reserved.","// Node module: foreman","// This file is licensed under the MIT License.","// License text available at https://opensource.org/licenses/MIT","","var http = require('http');","var url  = require('url');","var httpProxy = require('http-proxy');","","function startForward(proxy_port, proxy_host) {","","  var proxy = httpProxy.createProxyServer({});","","  var httpServer = http.createServer(function(req, res) {","","    var _url  = url.parse(req.url);","","    var dest  = _url.hostname;","    var port  = _url.port || 80;","    var host  = '127.0.0.1';","","    var target;","    if(proxy_host === '<ANY>' || proxy_host === dest) {","","      target = {","        host: host,","        port: port","      };","","      var urlmatch = req.url.match(/http:\\/\\/[^/]*:?[0-9]*(\\/.*)$/);","","      if(urlmatch) {","        req.url = urlmatch[1];","      } else {","        req.url = '/';","      }","","    } else {","      target = {","        host: dest,","        port: port","      };","    }","","    proxy.web(req, res, {target: target});","","  });","","  proxy.on('upgrade', function (req, socket, head) {","    proxy.ws(req, socket, head);","  });","","  proxy.on('error', function(err, req, res){","    console.error('Proxy Error: ', err);","    res.writeHead(500);","    res.write('Upstream Proxy Error');","    res.end();","  });","","  httpServer.listen(proxy_port);","}","","startForward(process.env.PROXY_PORT, process.env.PROXY_HOST);",""],"l":{"6":2,"7":2,"8":2,"10":1,"12":2,"14":2,"16":0,"18":0,"19":0,"20":0,"22":0,"23":0,"25":0,"30":0,"32":0,"33":0,"35":0,"39":0,"45":0,"49":2,"50":0,"53":2,"54":0,"55":0,"56":0,"57":0,"60":2,"63":2}},"/home/travis/build/npmtest/node-npmtest-foreman/node_modules/foreman/proxy.js":{"path":"/home/travis/build/npmtest/node-npmtest-foreman/node_modules/foreman/proxy.js","s":{"1":1,"2":1,"3":1,"4":1,"5":1,"6":1,"7":1,"8":1,"9":1,"10":1,"11":1,"12":1,"13":1,"14":0,"15":1,"16":1,"17":0,"18":0,"19":0,"20":0,"21":1,"22":0,"23":0,"24":0,"25":0,"26":1,"27":0,"28":0,"29":0,"30":0,"31":0},"b":{"1":[0,1],"2":[1,0]},"f":{"1":0,"2":0,"3":0,"4":0,"5":0},"fnMap":{"1":{"name":"(anonymous_1)","line":38,"loc":{"start":{"line":38,"column":17},"end":{"line":38,"column":38}}},"2":{"name":"(anonymous_2)","line":46,"loc":{"start":{"line":46,"column":18},"end":{"line":46,"column":38}}},"3":{"name":"(anonymous_3)","line":54,"loc":{"start":{"line":54,"column":16},"end":{"line":54,"column":27}}},"4":{"name":"(anonymous_4)","line":63,"loc":{"start":{"line":63,"column":4},"end":{"line":63,"column":24}}},"5":{"name":"(anonymous_5)","line":71,"loc":{"start":{"line":71,"column":21},"end":{"line":71,"column":32}}}},"statementMap":{"1":{"start":{"line":6,"column":0},"end":{"line":6,"column":28}},"2":{"start":{"line":7,"column":0},"end":{"line":7,"column":30}},"3":{"start":{"line":8,"column":0},"end":{"line":8,"column":31}},"4":{"start":{"line":9,"column":0},"end":{"line":9,"column":36}},"5":{"start":{"line":11,"column":0},"end":{"line":11,"column":38}},"6":{"start":{"line":13,"column":0},"end":{"line":13,"column":46}},"7":{"start":{"line":14,"column":0},"end":{"line":14,"column":56}},"8":{"start":{"line":15,"column":0},"end":{"line":15,"column":56}},"9":{"start":{"line":16,"column":0},"end":{"line":16,"column":41}},"10":{"start":{"line":17,"column":0},"end":{"line":17,"column":40}},"11":{"start":{"line":18,"column":0},"end":{"line":18,"column":51}},"12":{"start":{"line":20,"column":0},"end":{"line":20,"column":19}},"13":{"start":{"line":21,"column":0},"end":{"line":27,"column":1}},"14":{"start":{"line":22,"column":2},"end":{"line":26,"column":5}},"15":{"start":{"line":30,"column":0},"end":{"line":35,"column":3}},"16":{"start":{"line":38,"column":0},"end":{"line":43,"column":3}},"17":{"start":{"line":39,"column":2},"end":{"line":39,"column":37}},"18":{"start":{"line":40,"column":2},"end":{"line":40,"column":21}},"19":{"start":{"line":41,"column":2},"end":{"line":41,"column":36}},"20":{"start":{"line":42,"column":2},"end":{"line":42,"column":12}},"21":{"start":{"line":46,"column":0},"end":{"line":56,"column":3}},"22":{"start":{"line":48,"column":2},"end":{"line":48,"column":33}},"23":{"start":{"line":50,"column":2},"end":{"line":50,"column":40}},"24":{"start":{"line":52,"column":2},"end":{"line":52,"column":25}},"25":{"start":{"line":55,"column":2},"end":{"line":55,"column":44}},"26":{"start":{"line":58,"column":0},"end":{"line":74,"column":1}},"27":{"start":{"line":59,"column":2},"end":{"line":73,"column":5}},"28":{"start":{"line":65,"column":4},"end":{"line":65,"column":35}},"29":{"start":{"line":67,"column":4},"end":{"line":67,"column":42}},"30":{"start":{"line":69,"column":4},"end":{"line":69,"column":27}},"31":{"start":{"line":72,"column":4},"end":{"line":72,"column":47}}},"branchMap":{"1":{"line":58,"type":"if","locations":[{"start":{"line":58,"column":0},"end":{"line":58,"column":0}},{"start":{"line":58,"column":0},"end":{"line":58,"column":0}}]},"2":{"line":58,"type":"binary-expr","locations":[{"start":{"line":58,"column":4},"end":{"line":58,"column":11}},{"start":{"line":58,"column":15},"end":{"line":58,"column":21}}]}},"code":["// Copyright IBM Corp. 2012,2016. All Rights Reserved.","// Node module: foreman","// This file is licensed under the MIT License.","// License text available at https://opensource.org/licenses/MIT","","var fs      = require('fs');","var http    = require('http');","var https   = require('https');","var htproxy = require('http-proxy');","","var port = parseInt(process.env.PORT);","","var upstream_host = process.env.UPSTREAM_HOST;","var upstream_port = parseInt(process.env.UPSTREAM_PORT);","var upstream_size = parseInt(process.env.UPSTREAM_SIZE);","var sslCert       = process.env.SSL_CERT;","var sslKey        = process.env.SSL_KEY;","var sslPort       = parseInt(process.env.SSL_PORT);","","var addresses = [];","for(var i = 0; i < upstream_size; i++) {","  addresses.push({","    host: upstream_host,","    port: upstream_port + i,","    protocol: 'http',","  });","}","","// Proxy","var proxy = htproxy.createProxyServer({","  // Set the x-forwarded- headers, because apps often need them to make","  // decisions (such as about redirecting to SSL or a canonical host),","  // and proxies often do this for you in the real world.","  xfwd: true","});","","// Hanle Error","proxy.on('error',function(err,req,res){","  console.error(\"Proxy Error: \",err);","  res.writeHead(500);","  res.write(\"Upstream Proxy Error\");","  res.end();","});","","// Main HTTP Server","http.createServer(function (req, res) {","","  var target = addresses.shift();","","  proxy.web(req, res, {target: target});","","  addresses.push(target);","","}).listen(port, function() {","  process.send({http: this.address().port});","});","","if (sslCert && sslKey) {","  https.createServer({","      key: fs.readFileSync(sslKey),","      cert: fs.readFileSync(sslCert)","    },","    function (req, res) {","","    var target = addresses.shift();","","    proxy.web(req, res, {target: target});","","    addresses.push(target);","","  }).listen(sslPort, function() {","    process.send({https: this.address().port});","  });","}",""],"l":{"6":1,"7":1,"8":1,"9":1,"11":1,"13":1,"14":1,"15":1,"16":1,"17":1,"18":1,"20":1,"21":1,"22":0,"30":1,"38":1,"39":0,"40":0,"41":0,"42":0,"46":1,"48":0,"50":0,"52":0,"55":0,"58":1,"59":0,"65":0,"67":0,"69":0,"72":0}}}